<?xml version="1.0" encoding="utf-8"?>
<TestRun id="605f939a-5b6d-4aea-a27e-4e07f515773f" name="brand@BRANDONWINDOWS 2025-09-16 19:06:43" runUser="BRANDONWINDOWS\brand" xmlns="http://microsoft.com/schemas/VisualStudio/TeamTest/2010">
  <Times creation="2025-09-16T19:06:43.2950873+02:00" queuing="2025-09-16T19:06:43.2950878+02:00" start="2025-09-16T19:06:39.5212377+02:00" finish="2025-09-16T19:06:44.8627207+02:00" />
  <TestSettings name="default" id="fa68c1b0-d7ec-4cc4-8b5d-10478c6786f9">
    <Deployment runDeploymentRoot="brand_BRANDONWINDOWS_2025-09-16_19_06_43" />
  </TestSettings>
  <Results>
    <UnitTestResult executionId="c2234a4a-29cd-40c1-8f4d-7f4a2f7f3404" testId="dc21cb14-9537-9275-e646-1baba834d922" testName="AuthenticationAPI.IntegrationTests.AuthFlowTests.Password_Reset_Flow_Changes_Password_And_Revokes_Tokens" computerName="BRANDONWINDOWS" duration="00:00:01.4835544" startTime="2025-09-16T19:06:44.7581751+02:00" endTime="2025-09-16T19:06:44.7581752+02:00" testType="13cdc9d9-ddb5-4fa4-a97d-d965ccfc6d4b" outcome="Passed" testListId="8c84fa94-04c1-424b-9868-57a2d4851a1d" relativeResultsDirectory="c2234a4a-29cd-40c1-8f4d-7f4a2f7f3404" />
    <UnitTestResult executionId="9a087483-e0fc-4734-89dc-51c4c03482cd" testId="26d348fd-9b0d-d651-4c57-4aa70b9971a2" testName="AuthenticationAPI.IntegrationTests.AuthFlowTests.Register_Confirm_Login_Me_Refresh_Logout" computerName="BRANDONWINDOWS" duration="00:00:03.2797016" startTime="2025-09-16T19:06:43.2732154+02:00" endTime="2025-09-16T19:06:43.2732308+02:00" testType="13cdc9d9-ddb5-4fa4-a97d-d965ccfc6d4b" outcome="Passed" testListId="8c84fa94-04c1-424b-9868-57a2d4851a1d" relativeResultsDirectory="9a087483-e0fc-4734-89dc-51c4c03482cd" />
  </Results>
  <TestDefinitions>
    <UnitTest name="AuthenticationAPI.IntegrationTests.AuthFlowTests.Password_Reset_Flow_Changes_Password_And_Revokes_Tokens" storage="c:\users\brand\desktop\bcmtrac auth service\authenticationapi\authenticationapi.integrationtests\bin\debug\net8.0\authenticationapi.integrationtests.dll" id="dc21cb14-9537-9275-e646-1baba834d922">
      <Execution id="c2234a4a-29cd-40c1-8f4d-7f4a2f7f3404" />
      <TestMethod codeBase="C:\Users\brand\Desktop\BCMTrac Auth Service\AuthenticationAPI\AuthenticationAPI.IntegrationTests\bin\Debug\net8.0\AuthenticationAPI.IntegrationTests.dll" adapterTypeName="executor://xunit/VsTestRunner2/netcoreapp" className="AuthenticationAPI.IntegrationTests.AuthFlowTests" name="Password_Reset_Flow_Changes_Password_And_Revokes_Tokens" />
    </UnitTest>
    <UnitTest name="AuthenticationAPI.IntegrationTests.AuthFlowTests.Register_Confirm_Login_Me_Refresh_Logout" storage="c:\users\brand\desktop\bcmtrac auth service\authenticationapi\authenticationapi.integrationtests\bin\debug\net8.0\authenticationapi.integrationtests.dll" id="26d348fd-9b0d-d651-4c57-4aa70b9971a2">
      <Execution id="9a087483-e0fc-4734-89dc-51c4c03482cd" />
      <TestMethod codeBase="C:\Users\brand\Desktop\BCMTrac Auth Service\AuthenticationAPI\AuthenticationAPI.IntegrationTests\bin\Debug\net8.0\AuthenticationAPI.IntegrationTests.dll" adapterTypeName="executor://xunit/VsTestRunner2/netcoreapp" className="AuthenticationAPI.IntegrationTests.AuthFlowTests" name="Register_Confirm_Login_Me_Refresh_Logout" />
    </UnitTest>
  </TestDefinitions>
  <TestEntries>
    <TestEntry testId="dc21cb14-9537-9275-e646-1baba834d922" executionId="c2234a4a-29cd-40c1-8f4d-7f4a2f7f3404" testListId="8c84fa94-04c1-424b-9868-57a2d4851a1d" />
    <TestEntry testId="26d348fd-9b0d-d651-4c57-4aa70b9971a2" executionId="9a087483-e0fc-4734-89dc-51c4c03482cd" testListId="8c84fa94-04c1-424b-9868-57a2d4851a1d" />
  </TestEntries>
  <TestLists>
    <TestList name="Results Not in a List" id="8c84fa94-04c1-424b-9868-57a2d4851a1d" />
    <TestList name="All Loaded Results" id="19431567-8539-422a-85d7-44ee4e166bda" />
  </TestLists>
  <ResultSummary outcome="Completed">
    <Counters total="2" executed="2" passed="2" failed="0" error="0" timeout="0" aborted="0" inconclusive="0" passedButRunAborted="0" notRunnable="0" notExecuted="0" disconnected="0" warning="0" completed="0" inProgress="0" pending="0" />
    <Output>
      <StdOut>[xUnit.net 00:00:00.00] xUnit.net VSTest Adapter v2.8.2+699d445a1a (64-bit .NET 8.0.20)&#xD;
[xUnit.net 00:00:00.07]   Discovering: AuthenticationAPI.IntegrationTests&#xD;
[xUnit.net 00:00:00.10]   Discovered:  AuthenticationAPI.IntegrationTests&#xD;
[xUnit.net 00:00:00.11]   Starting:    AuthenticationAPI.IntegrationTests&#xD;
{"Timestamp":"2025-09-16T19:06:41.581Z","EventId":20102,"LogLevel":"Error","Category":"Microsoft.EntityFrameworkCore.Database.Command","Message":"Failed executing DbCommand (2ms) [Parameters=[], CommandType=\u0027Text\u0027, CommandTimeout=\u002730\u0027]\r\nCREATE TABLE \u0022AspNetRoles\u0022 (\r\n    \u0022Id\u0022 nvarchar(128) NOT NULL CONSTRAINT \u0022PK_AspNetRoles\u0022 PRIMARY KEY,\r\n    \u0022Name\u0022 nvarchar(256) NULL,\r\n    \u0022NormalizedName\u0022 nvarchar(128) NULL,\r\n    \u0022ConcurrencyStamp\u0022 nvarchar(max) NULL\r\n);","State":{"Message":"Failed executing DbCommand (2ms) [Parameters=[], CommandType=\u0027Text\u0027, CommandTimeout=\u002730\u0027]\r\nCREATE TABLE \u0022AspNetRoles\u0022 (\r\n    \u0022Id\u0022 nvarchar(128) NOT NULL CONSTRAINT \u0022PK_AspNetRoles\u0022 PRIMARY KEY,\r\n    \u0022Name\u0022 nvarchar(256) NULL,\r\n    \u0022NormalizedName\u0022 nvarchar(128) NULL,\r\n    \u0022ConcurrencyStamp\u0022 nvarchar(max) NULL\r\n);","elapsed":"2","parameters":"","commandType":"Text","commandTimeout":30,"newLine":"\r\n","commandText":"CREATE TABLE \u0022AspNetRoles\u0022 (\r\n    \u0022Id\u0022 nvarchar(128) NOT NULL CONSTRAINT \u0022PK_AspNetRoles\u0022 PRIMARY KEY,\r\n    \u0022Name\u0022 nvarchar(256) NULL,\r\n    \u0022NormalizedName\u0022 nvarchar(128) NULL,\r\n    \u0022ConcurrencyStamp\u0022 nvarchar(max) NULL\r\n);","{OriginalFormat}":"Failed executing DbCommand ({elapsed}ms) [Parameters=[{parameters}], CommandType=\u0027{commandType}\u0027, CommandTimeout=\u0027{commandTimeout}\u0027]{newLine}{commandText}"},"Scopes":[]}&#xD;
{"Timestamp":"2025-09-16T19:06:41.588Z","EventId":0,"LogLevel":"Error","Category":"Program","Message":"[Startup] Migration failed.","Exception":"Microsoft.Data.Sqlite.SqliteException (0x80004005): SQLite Error 1: \u0027table \u0022AspNetRoles\u0022 already exists\u0027.\r\n   at Microsoft.Data.Sqlite.SqliteException.ThrowExceptionForRC(Int32 rc, sqlite3 db)\r\n   at Microsoft.Data.Sqlite.SqliteCommand.PrepareAndEnumerateStatements()\u002BMoveNext()\r\n   at Microsoft.Data.Sqlite.SqliteCommand.GetStatements()\u002BMoveNext()\r\n   at Microsoft.Data.Sqlite.SqliteDataReader.NextResult()\r\n   at Microsoft.Data.Sqlite.SqliteCommand.ExecuteReader(CommandBehavior behavior)\r\n   at Microsoft.Data.Sqlite.SqliteCommand.ExecuteReader()\r\n   at Microsoft.Data.Sqlite.SqliteCommand.ExecuteNonQuery()\r\n   at System.Data.Common.DbCommand.ExecuteNonQueryAsync(CancellationToken cancellationToken)\r\n--- End of stack trace from previous location ---\r\n   at Microsoft.EntityFrameworkCore.Storage.RelationalCommand.ExecuteNonQueryAsync(RelationalCommandParameterObject parameterObject, CancellationToken cancellationToken)\r\n   at Microsoft.EntityFrameworkCore.Storage.RelationalCommand.ExecuteNonQueryAsync(RelationalCommandParameterObject parameterObject, CancellationToken cancellationToken)\r\n   at Microsoft.EntityFrameworkCore.Storage.RelationalCommand.ExecuteNonQueryAsync(RelationalCommandParameterObject parameterObject, CancellationToken cancellationToken)\r\n   at Microsoft.EntityFrameworkCore.Migrations.Internal.MigrationCommandExecutor.ExecuteNonQueryAsync(IEnumerable\u00601 migrationCommands, IRelationalConnection connection, CancellationToken cancellationToken)\r\n   at Microsoft.EntityFrameworkCore.Migrations.Internal.MigrationCommandExecutor.ExecuteNonQueryAsync(IEnumerable\u00601 migrationCommands, IRelationalConnection connection, CancellationToken cancellationToken)\r\n   at Microsoft.EntityFrameworkCore.Migrations.Internal.MigrationCommandExecutor.ExecuteNonQueryAsync(IEnumerable\u00601 migrationCommands, IRelationalConnection connection, CancellationToken cancellationToken)\r\n   at Microsoft.EntityFrameworkCore.Migrations.Internal.MigrationCommandExecutor.ExecuteNonQueryAsync(IEnumerable\u00601 migrationCommands, IRelationalConnection connection, CancellationToken cancellationToken)\r\n   at Microsoft.EntityFrameworkCore.Migrations.Internal.Migrator.MigrateAsync(String targetMigration, CancellationToken cancellationToken)\r\n   at Program.\u003CMain\u003E$(String[] args) in C:\\Users\\brand\\Desktop\\BCMTrac Auth Service\\AuthenticationAPI\\Program.cs:line 525","State":{"Message":"[Startup] Migration failed.","{OriginalFormat}":"[Startup] Migration failed."},"Scopes":[]}&#xD;
{"Timestamp":"2025-09-16T19:06:43.258Z","EventId":0,"LogLevel":"Warning","Category":"AuthenticationAPI.Infrastructure.Middleware.ExceptionHandlingMiddleware","Message":"API Exception: Refresh token is invalid or expired. (StatusCode: 400)","State":{"Message":"API Exception: Refresh token is invalid or expired. (StatusCode: 400)","Message":"Refresh token is invalid or expired.","StatusCode":400,"{OriginalFormat}":"API Exception: {Message} (StatusCode: {StatusCode})"},"Scopes":[{"Message":"SpanId:60db4a5ae9d76a6e, TraceId:f799d4eeba99649632193a49ee96d80d, ParentId:0000000000000000","SpanId":"60db4a5ae9d76a6e","TraceId":"f799d4eeba99649632193a49ee96d80d","ParentId":"0000000000000000"},{"Message":"RequestPath:/api/v1/authenticate/refresh RequestId:0HNFL8DK5JF9J","RequestId":"0HNFL8DK5JF9J","RequestPath":"/api/v1/authenticate/refresh"}]}&#xD;
{"Timestamp":"2025-09-16T19:06:44.436Z","EventId":0,"LogLevel":"Warning","Category":"AuthenticationAPI.Infrastructure.Middleware.ExceptionHandlingMiddleware","Message":"API Exception: Invalid credentials. (StatusCode: 400)","State":{"Message":"API Exception: Invalid credentials. (StatusCode: 400)","Message":"Invalid credentials.","StatusCode":400,"{OriginalFormat}":"API Exception: {Message} (StatusCode: {StatusCode})"},"Scopes":[{"Message":"SpanId:72a9c0f0e9ea8fb2, TraceId:0455a0f8d1aba3f972bba0a2e0e43eba, ParentId:0000000000000000","SpanId":"72a9c0f0e9ea8fb2","TraceId":"0455a0f8d1aba3f972bba0a2e0e43eba","ParentId":"0000000000000000"},{"Message":"RequestPath:/api/v1/authenticate/login RequestId:0HNFL8DK5JF9O","RequestId":"0HNFL8DK5JF9O","RequestPath":"/api/v1/authenticate/login"}]}&#xD;
[xUnit.net 00:00:04.93]   Finished:    AuthenticationAPI.IntegrationTests&#xD;
</StdOut>
    </Output>
  </ResultSummary>
</TestRun>