<?xml version="1.0" encoding="utf-8"?>
<TestRun id="97fbfd57-964b-49f5-80fd-37fc3919374b" name="brand@BRANDONWINDOWS 2025-09-16 19:28:39" runUser="BRANDONWINDOWS\brand" xmlns="http://microsoft.com/schemas/VisualStudio/TeamTest/2010">
  <Times creation="2025-09-16T19:28:39.5015434+02:00" queuing="2025-09-16T19:28:39.5015437+02:00" start="2025-09-16T19:28:30.8309089+02:00" finish="2025-09-16T19:28:43.1163604+02:00" />
  <TestSettings name="default" id="30172707-28b6-406f-ac89-bfbf4d0936c3">
    <Deployment runDeploymentRoot="brand_BRANDONWINDOWS_2025-09-16_19_28_39" />
  </TestSettings>
  <Results>
    <UnitTestResult executionId="c64e8a27-85b5-4c9e-9c36-4dbd7be58f93" testId="854e4132-ebb7-621b-0d87-5d4d06fcbd2e" testName="AuthenticationAPI.IntegrationTests.RefreshReuseTests.Reusing_Rotated_Refresh_Revokes_All_And_Bumps_TokenVersion" computerName="BRANDONWINDOWS" duration="00:00:03.8784057" startTime="2025-09-16T19:28:39.4611206+02:00" endTime="2025-09-16T19:28:39.4611207+02:00" testType="13cdc9d9-ddb5-4fa4-a97d-d965ccfc6d4b" outcome="Passed" testListId="8c84fa94-04c1-424b-9868-57a2d4851a1d" relativeResultsDirectory="c64e8a27-85b5-4c9e-9c36-4dbd7be58f93" />
    <UnitTestResult executionId="d0582f46-f942-4c06-a83d-8d3db4b9a3f4" testId="fcb88f49-2a49-9b88-9d7e-c4e12f0b63b3" testName="AuthenticationAPI.IntegrationTests.JwksTests.Jwks_Lists_Active_RSA_Keys_And_Kid_Matches_Token" computerName="BRANDONWINDOWS" duration="00:00:03.8144280" startTime="2025-09-16T19:28:39.4005617+02:00" endTime="2025-09-16T19:28:39.4005856+02:00" testType="13cdc9d9-ddb5-4fa4-a97d-d965ccfc6d4b" outcome="Passed" testListId="8c84fa94-04c1-424b-9868-57a2d4851a1d" relativeResultsDirectory="d0582f46-f942-4c06-a83d-8d3db4b9a3f4" />
    <UnitTestResult executionId="24838557-e1a3-432b-a146-8ada7d501a51" testId="94fe9652-9d0a-b763-45ff-17185bda1fef" testName="AuthenticationAPI.IntegrationTests.MfaFlowTests.Enable_MFA_Login_With_Totp_Then_Disable" computerName="BRANDONWINDOWS" duration="00:00:04.6104241" startTime="2025-09-16T19:28:40.1924437+02:00" endTime="2025-09-16T19:28:40.1924439+02:00" testType="13cdc9d9-ddb5-4fa4-a97d-d965ccfc6d4b" outcome="Passed" testListId="8c84fa94-04c1-424b-9868-57a2d4851a1d" relativeResultsDirectory="24838557-e1a3-432b-a146-8ada7d501a51" />
    <UnitTestResult executionId="50df4cbb-e3f9-4f53-968a-38d917032e27" testId="ded4e6a0-1cac-fe0f-2a52-33982cee3501" testName="AuthenticationAPI.IntegrationTests.LockoutTests.Multiple_Failed_Logins_Trigger_Lockout_Then_Unlock" computerName="BRANDONWINDOWS" duration="00:00:06.7436584" startTime="2025-09-16T19:28:42.3257446+02:00" endTime="2025-09-16T19:28:42.3257447+02:00" testType="13cdc9d9-ddb5-4fa4-a97d-d965ccfc6d4b" outcome="Passed" testListId="8c84fa94-04c1-424b-9868-57a2d4851a1d" relativeResultsDirectory="50df4cbb-e3f9-4f53-968a-38d917032e27" />
    <UnitTestResult executionId="02e567a0-d72c-4f54-84a1-9c791b01c007" testId="5f19f6ee-23dd-7e87-0163-c80eb6be89e4" testName="AuthenticationAPI.IntegrationTests.ChangeEmailTests.Change_Email_Bumps_TokenVersion_And_Revokes_Refresh" computerName="BRANDONWINDOWS" duration="00:00:04.2510242" startTime="2025-09-16T19:28:39.8330382+02:00" endTime="2025-09-16T19:28:39.8330384+02:00" testType="13cdc9d9-ddb5-4fa4-a97d-d965ccfc6d4b" outcome="Passed" testListId="8c84fa94-04c1-424b-9868-57a2d4851a1d" relativeResultsDirectory="02e567a0-d72c-4f54-84a1-9c791b01c007" />
    <UnitTestResult executionId="d58796cb-6155-426d-be05-7ec7c482fbce" testId="cdd84f2d-58df-42ef-dda5-f2398b337e5d" testName="AuthenticationAPI.IntegrationTests.LogoutAllTests.LogoutAll_Revokes_Sessions_And_Invalidates_Tokens" computerName="BRANDONWINDOWS" duration="00:00:03.8754485" startTime="2025-09-16T19:28:39.4578042+02:00" endTime="2025-09-16T19:28:39.4578043+02:00" testType="13cdc9d9-ddb5-4fa4-a97d-d965ccfc6d4b" outcome="Passed" testListId="8c84fa94-04c1-424b-9868-57a2d4851a1d" relativeResultsDirectory="d58796cb-6155-426d-be05-7ec7c482fbce" />
    <UnitTestResult executionId="4f85e844-29a2-451c-b7c0-39ca8f638d25" testId="26d348fd-9b0d-d651-4c57-4aa70b9971a2" testName="AuthenticationAPI.IntegrationTests.AuthFlowTests.Register_Confirm_Login_Me_Refresh_Logout" computerName="BRANDONWINDOWS" duration="00:00:03.8972820" startTime="2025-09-16T19:28:39.4794215+02:00" endTime="2025-09-16T19:28:39.4794217+02:00" testType="13cdc9d9-ddb5-4fa4-a97d-d965ccfc6d4b" outcome="Passed" testListId="8c84fa94-04c1-424b-9868-57a2d4851a1d" relativeResultsDirectory="4f85e844-29a2-451c-b7c0-39ca8f638d25" />
    <UnitTestResult executionId="ceb4ad04-3a9c-4dcd-b9e3-f832b8627cbe" testId="dc21cb14-9537-9275-e646-1baba834d922" testName="AuthenticationAPI.IntegrationTests.AuthFlowTests.Password_Reset_Flow_Changes_Password_And_Revokes_Tokens" computerName="BRANDONWINDOWS" duration="00:00:01.6153748" startTime="2025-09-16T19:28:41.0954032+02:00" endTime="2025-09-16T19:28:41.0954033+02:00" testType="13cdc9d9-ddb5-4fa4-a97d-d965ccfc6d4b" outcome="Passed" testListId="8c84fa94-04c1-424b-9868-57a2d4851a1d" relativeResultsDirectory="ceb4ad04-3a9c-4dcd-b9e3-f832b8627cbe" />
  </Results>
  <TestDefinitions>
    <UnitTest name="AuthenticationAPI.IntegrationTests.JwksTests.Jwks_Lists_Active_RSA_Keys_And_Kid_Matches_Token" storage="c:\users\brand\desktop\bcmtrac auth service\authenticationapi\authenticationapi.integrationtests\bin\debug\net8.0\authenticationapi.integrationtests.dll" id="fcb88f49-2a49-9b88-9d7e-c4e12f0b63b3">
      <Execution id="d0582f46-f942-4c06-a83d-8d3db4b9a3f4" />
      <TestMethod codeBase="c:\Users\brand\Desktop\BCMTrac Auth Service\AuthenticationAPI\AuthenticationAPI.IntegrationTests\bin\Debug\net8.0\AuthenticationAPI.IntegrationTests.dll" adapterTypeName="executor://xunit/VsTestRunner2/netcoreapp" className="AuthenticationAPI.IntegrationTests.JwksTests" name="Jwks_Lists_Active_RSA_Keys_And_Kid_Matches_Token" />
    </UnitTest>
    <UnitTest name="AuthenticationAPI.IntegrationTests.ChangeEmailTests.Change_Email_Bumps_TokenVersion_And_Revokes_Refresh" storage="c:\users\brand\desktop\bcmtrac auth service\authenticationapi\authenticationapi.integrationtests\bin\debug\net8.0\authenticationapi.integrationtests.dll" id="5f19f6ee-23dd-7e87-0163-c80eb6be89e4">
      <Execution id="02e567a0-d72c-4f54-84a1-9c791b01c007" />
      <TestMethod codeBase="c:\Users\brand\Desktop\BCMTrac Auth Service\AuthenticationAPI\AuthenticationAPI.IntegrationTests\bin\Debug\net8.0\AuthenticationAPI.IntegrationTests.dll" adapterTypeName="executor://xunit/VsTestRunner2/netcoreapp" className="AuthenticationAPI.IntegrationTests.ChangeEmailTests" name="Change_Email_Bumps_TokenVersion_And_Revokes_Refresh" />
    </UnitTest>
    <UnitTest name="AuthenticationAPI.IntegrationTests.LockoutTests.Multiple_Failed_Logins_Trigger_Lockout_Then_Unlock" storage="c:\users\brand\desktop\bcmtrac auth service\authenticationapi\authenticationapi.integrationtests\bin\debug\net8.0\authenticationapi.integrationtests.dll" id="ded4e6a0-1cac-fe0f-2a52-33982cee3501">
      <Execution id="50df4cbb-e3f9-4f53-968a-38d917032e27" />
      <TestMethod codeBase="c:\Users\brand\Desktop\BCMTrac Auth Service\AuthenticationAPI\AuthenticationAPI.IntegrationTests\bin\Debug\net8.0\AuthenticationAPI.IntegrationTests.dll" adapterTypeName="executor://xunit/VsTestRunner2/netcoreapp" className="AuthenticationAPI.IntegrationTests.LockoutTests" name="Multiple_Failed_Logins_Trigger_Lockout_Then_Unlock" />
    </UnitTest>
    <UnitTest name="AuthenticationAPI.IntegrationTests.RefreshReuseTests.Reusing_Rotated_Refresh_Revokes_All_And_Bumps_TokenVersion" storage="c:\users\brand\desktop\bcmtrac auth service\authenticationapi\authenticationapi.integrationtests\bin\debug\net8.0\authenticationapi.integrationtests.dll" id="854e4132-ebb7-621b-0d87-5d4d06fcbd2e">
      <Execution id="c64e8a27-85b5-4c9e-9c36-4dbd7be58f93" />
      <TestMethod codeBase="c:\Users\brand\Desktop\BCMTrac Auth Service\AuthenticationAPI\AuthenticationAPI.IntegrationTests\bin\Debug\net8.0\AuthenticationAPI.IntegrationTests.dll" adapterTypeName="executor://xunit/VsTestRunner2/netcoreapp" className="AuthenticationAPI.IntegrationTests.RefreshReuseTests" name="Reusing_Rotated_Refresh_Revokes_All_And_Bumps_TokenVersion" />
    </UnitTest>
    <UnitTest name="AuthenticationAPI.IntegrationTests.AuthFlowTests.Password_Reset_Flow_Changes_Password_And_Revokes_Tokens" storage="c:\users\brand\desktop\bcmtrac auth service\authenticationapi\authenticationapi.integrationtests\bin\debug\net8.0\authenticationapi.integrationtests.dll" id="dc21cb14-9537-9275-e646-1baba834d922">
      <Execution id="ceb4ad04-3a9c-4dcd-b9e3-f832b8627cbe" />
      <TestMethod codeBase="c:\Users\brand\Desktop\BCMTrac Auth Service\AuthenticationAPI\AuthenticationAPI.IntegrationTests\bin\Debug\net8.0\AuthenticationAPI.IntegrationTests.dll" adapterTypeName="executor://xunit/VsTestRunner2/netcoreapp" className="AuthenticationAPI.IntegrationTests.AuthFlowTests" name="Password_Reset_Flow_Changes_Password_And_Revokes_Tokens" />
    </UnitTest>
    <UnitTest name="AuthenticationAPI.IntegrationTests.MfaFlowTests.Enable_MFA_Login_With_Totp_Then_Disable" storage="c:\users\brand\desktop\bcmtrac auth service\authenticationapi\authenticationapi.integrationtests\bin\debug\net8.0\authenticationapi.integrationtests.dll" id="94fe9652-9d0a-b763-45ff-17185bda1fef">
      <Execution id="24838557-e1a3-432b-a146-8ada7d501a51" />
      <TestMethod codeBase="c:\Users\brand\Desktop\BCMTrac Auth Service\AuthenticationAPI\AuthenticationAPI.IntegrationTests\bin\Debug\net8.0\AuthenticationAPI.IntegrationTests.dll" adapterTypeName="executor://xunit/VsTestRunner2/netcoreapp" className="AuthenticationAPI.IntegrationTests.MfaFlowTests" name="Enable_MFA_Login_With_Totp_Then_Disable" />
    </UnitTest>
    <UnitTest name="AuthenticationAPI.IntegrationTests.AuthFlowTests.Register_Confirm_Login_Me_Refresh_Logout" storage="c:\users\brand\desktop\bcmtrac auth service\authenticationapi\authenticationapi.integrationtests\bin\debug\net8.0\authenticationapi.integrationtests.dll" id="26d348fd-9b0d-d651-4c57-4aa70b9971a2">
      <Execution id="4f85e844-29a2-451c-b7c0-39ca8f638d25" />
      <TestMethod codeBase="c:\Users\brand\Desktop\BCMTrac Auth Service\AuthenticationAPI\AuthenticationAPI.IntegrationTests\bin\Debug\net8.0\AuthenticationAPI.IntegrationTests.dll" adapterTypeName="executor://xunit/VsTestRunner2/netcoreapp" className="AuthenticationAPI.IntegrationTests.AuthFlowTests" name="Register_Confirm_Login_Me_Refresh_Logout" />
    </UnitTest>
    <UnitTest name="AuthenticationAPI.IntegrationTests.LogoutAllTests.LogoutAll_Revokes_Sessions_And_Invalidates_Tokens" storage="c:\users\brand\desktop\bcmtrac auth service\authenticationapi\authenticationapi.integrationtests\bin\debug\net8.0\authenticationapi.integrationtests.dll" id="cdd84f2d-58df-42ef-dda5-f2398b337e5d">
      <Execution id="d58796cb-6155-426d-be05-7ec7c482fbce" />
      <TestMethod codeBase="c:\Users\brand\Desktop\BCMTrac Auth Service\AuthenticationAPI\AuthenticationAPI.IntegrationTests\bin\Debug\net8.0\AuthenticationAPI.IntegrationTests.dll" adapterTypeName="executor://xunit/VsTestRunner2/netcoreapp" className="AuthenticationAPI.IntegrationTests.LogoutAllTests" name="LogoutAll_Revokes_Sessions_And_Invalidates_Tokens" />
    </UnitTest>
  </TestDefinitions>
  <TestEntries>
    <TestEntry testId="854e4132-ebb7-621b-0d87-5d4d06fcbd2e" executionId="c64e8a27-85b5-4c9e-9c36-4dbd7be58f93" testListId="8c84fa94-04c1-424b-9868-57a2d4851a1d" />
    <TestEntry testId="fcb88f49-2a49-9b88-9d7e-c4e12f0b63b3" executionId="d0582f46-f942-4c06-a83d-8d3db4b9a3f4" testListId="8c84fa94-04c1-424b-9868-57a2d4851a1d" />
    <TestEntry testId="94fe9652-9d0a-b763-45ff-17185bda1fef" executionId="24838557-e1a3-432b-a146-8ada7d501a51" testListId="8c84fa94-04c1-424b-9868-57a2d4851a1d" />
    <TestEntry testId="ded4e6a0-1cac-fe0f-2a52-33982cee3501" executionId="50df4cbb-e3f9-4f53-968a-38d917032e27" testListId="8c84fa94-04c1-424b-9868-57a2d4851a1d" />
    <TestEntry testId="5f19f6ee-23dd-7e87-0163-c80eb6be89e4" executionId="02e567a0-d72c-4f54-84a1-9c791b01c007" testListId="8c84fa94-04c1-424b-9868-57a2d4851a1d" />
    <TestEntry testId="cdd84f2d-58df-42ef-dda5-f2398b337e5d" executionId="d58796cb-6155-426d-be05-7ec7c482fbce" testListId="8c84fa94-04c1-424b-9868-57a2d4851a1d" />
    <TestEntry testId="26d348fd-9b0d-d651-4c57-4aa70b9971a2" executionId="4f85e844-29a2-451c-b7c0-39ca8f638d25" testListId="8c84fa94-04c1-424b-9868-57a2d4851a1d" />
    <TestEntry testId="dc21cb14-9537-9275-e646-1baba834d922" executionId="ceb4ad04-3a9c-4dcd-b9e3-f832b8627cbe" testListId="8c84fa94-04c1-424b-9868-57a2d4851a1d" />
  </TestEntries>
  <TestLists>
    <TestList name="Results Not in a List" id="8c84fa94-04c1-424b-9868-57a2d4851a1d" />
    <TestList name="All Loaded Results" id="19431567-8539-422a-85d7-44ee4e166bda" />
  </TestLists>
  <ResultSummary outcome="Completed">
    <Counters total="8" executed="8" passed="8" failed="0" error="0" timeout="0" aborted="0" inconclusive="0" passedButRunAborted="0" notRunnable="0" notExecuted="0" disconnected="0" warning="0" completed="0" inProgress="0" pending="0" />
    <Output>
      <StdOut>[xUnit.net 00:00:00.00] xUnit.net VSTest Adapter v2.8.2+699d445a1a (64-bit .NET 8.0.20)&#xD;
[xUnit.net 00:00:00.14]   Discovering: AuthenticationAPI.IntegrationTests&#xD;
[xUnit.net 00:00:00.17]   Discovered:  AuthenticationAPI.IntegrationTests&#xD;
[xUnit.net 00:00:00.17]   Starting:    AuthenticationAPI.IntegrationTests&#xD;
{"Timestamp":"2025-09-16T19:28:37.300Z","EventId":20102,"LogLevel":"Error","Category":"Microsoft.EntityFrameworkCore.Database.Command","Message":"Failed executing DbCommand (2ms) [Parameters=[], CommandType=\u0027Text\u0027, CommandTimeout=\u002730\u0027]\r\nCREATE TABLE \u0022AspNetRoles\u0022 (\r\n    \u0022Id\u0022 nvarchar(128) NOT NULL CONSTRAINT \u0022PK_AspNetRoles\u0022 PRIMARY KEY,\r\n    \u0022Name\u0022 nvarchar(256) NULL,\r\n    \u0022NormalizedName\u0022 nvarchar(128) NULL,\r\n    \u0022ConcurrencyStamp\u0022 nvarchar(max) NULL\r\n);","State":{"Message":"Failed executing DbCommand (2ms) [Parameters=[], CommandType=\u0027Text\u0027, CommandTimeout=\u002730\u0027]\r\nCREATE TABLE \u0022AspNetRoles\u0022 (\r\n    \u0022Id\u0022 nvarchar(128) NOT NULL CONSTRAINT \u0022PK_AspNetRoles\u0022 PRIMARY KEY,\r\n    \u0022Name\u0022 nvarchar(256) NULL,\r\n    \u0022NormalizedName\u0022 nvarchar(128) NULL,\r\n    \u0022ConcurrencyStamp\u0022 nvarchar(max) NULL\r\n);","elapsed":"2","parameters":"","commandType":"Text","commandTimeout":30,"newLine":"\r\n","commandText":"CREATE TABLE \u0022AspNetRoles\u0022 (\r\n    \u0022Id\u0022 nvarchar(128) NOT NULL CONSTRAINT \u0022PK_AspNetRoles\u0022 PRIMARY KEY,\r\n    \u0022Name\u0022 nvarchar(256) NULL,\r\n    \u0022NormalizedName\u0022 nvarchar(128) NULL,\r\n    \u0022ConcurrencyStamp\u0022 nvarchar(max) NULL\r\n);","{OriginalFormat}":"Failed executing DbCommand ({elapsed}ms) [Parameters=[{parameters}], CommandType=\u0027{commandType}\u0027, CommandTimeout=\u0027{commandTimeout}\u0027]{newLine}{commandText}"},"Scopes":[]}&#xD;
{"Timestamp":"2025-09-16T19:28:37.301Z","EventId":20102,"LogLevel":"Error","Category":"Microsoft.EntityFrameworkCore.Database.Command","Message":"Failed executing DbCommand (0ms) [Parameters=[], CommandType=\u0027Text\u0027, CommandTimeout=\u002730\u0027]\r\nCREATE TABLE \u0022AspNetRoles\u0022 (\r\n    \u0022Id\u0022 nvarchar(128) NOT NULL CONSTRAINT \u0022PK_AspNetRoles\u0022 PRIMARY KEY,\r\n    \u0022Name\u0022 nvarchar(256) NULL,\r\n    \u0022NormalizedName\u0022 nvarchar(128) NULL,\r\n    \u0022ConcurrencyStamp\u0022 nvarchar(max) NULL\r\n);","State":{"Message":"Failed executing DbCommand (0ms) [Parameters=[], CommandType=\u0027Text\u0027, CommandTimeout=\u002730\u0027]\r\nCREATE TABLE \u0022AspNetRoles\u0022 (\r\n    \u0022Id\u0022 nvarchar(128) NOT NULL CONSTRAINT \u0022PK_AspNetRoles\u0022 PRIMARY KEY,\r\n    \u0022Name\u0022 nvarchar(256) NULL,\r\n    \u0022NormalizedName\u0022 nvarchar(128) NULL,\r\n    \u0022ConcurrencyStamp\u0022 nvarchar(max) NULL\r\n);","elapsed":"0","parameters":"","commandType":"Text","commandTimeout":30,"newLine":"\r\n","commandText":"CREATE TABLE \u0022AspNetRoles\u0022 (\r\n    \u0022Id\u0022 nvarchar(128) NOT NULL CONSTRAINT \u0022PK_AspNetRoles\u0022 PRIMARY KEY,\r\n    \u0022Name\u0022 nvarchar(256) NULL,\r\n    \u0022NormalizedName\u0022 nvarchar(128) NULL,\r\n    \u0022ConcurrencyStamp\u0022 nvarchar(max) NULL\r\n);","{OriginalFormat}":"Failed executing DbCommand ({elapsed}ms) [Parameters=[{parameters}], CommandType=\u0027{commandType}\u0027, CommandTimeout=\u0027{commandTimeout}\u0027]{newLine}{commandText}"},"Scopes":[]}&#xD;
{"Timestamp":"2025-09-16T19:28:37.300Z","EventId":20102,"LogLevel":"Error","Category":"Microsoft.EntityFrameworkCore.Database.Command","Message":"Failed executing DbCommand (1ms) [Parameters=[], CommandType=\u0027Text\u0027, CommandTimeout=\u002730\u0027]\r\nCREATE TABLE \u0022AspNetRoles\u0022 (\r\n    \u0022Id\u0022 nvarchar(128) NOT NULL CONSTRAINT \u0022PK_AspNetRoles\u0022 PRIMARY KEY,\r\n    \u0022Name\u0022 nvarchar(256) NULL,\r\n    \u0022NormalizedName\u0022 nvarchar(128) NULL,\r\n    \u0022ConcurrencyStamp\u0022 nvarchar(max) NULL\r\n);","State":{"Message":"Failed executing DbCommand (1ms) [Parameters=[], CommandType=\u0027Text\u0027, CommandTimeout=\u002730\u0027]\r\nCREATE TABLE \u0022AspNetRoles\u0022 (\r\n    \u0022Id\u0022 nvarchar(128) NOT NULL CONSTRAINT \u0022PK_AspNetRoles\u0022 PRIMARY KEY,\r\n    \u0022Name\u0022 nvarchar(256) NULL,\r\n    \u0022NormalizedName\u0022 nvarchar(128) NULL,\r\n    \u0022ConcurrencyStamp\u0022 nvarchar(max) NULL\r\n);","elapsed":"1","parameters":"","commandType":"Text","commandTimeout":30,"newLine":"\r\n","commandText":"CREATE TABLE \u0022AspNetRoles\u0022 (\r\n    \u0022Id\u0022 nvarchar(128) NOT NULL CONSTRAINT \u0022PK_AspNetRoles\u0022 PRIMARY KEY,\r\n    \u0022Name\u0022 nvarchar(256) NULL,\r\n    \u0022NormalizedName\u0022 nvarchar(128) NULL,\r\n    \u0022ConcurrencyStamp\u0022 nvarchar(max) NULL\r\n);","{OriginalFormat}":"Failed executing DbCommand ({elapsed}ms) [Parameters=[{parameters}], CommandType=\u0027{commandType}\u0027, CommandTimeout=\u0027{commandTimeout}\u0027]{newLine}{commandText}"},"Scopes":[]}&#xD;
{"Timestamp":"2025-09-16T19:28:37.300Z","EventId":20102,"LogLevel":"Error","Category":"Microsoft.EntityFrameworkCore.Database.Command","Message":"Failed executing DbCommand (0ms) [Parameters=[], CommandType=\u0027Text\u0027, CommandTimeout=\u002730\u0027]\r\nCREATE TABLE \u0022AspNetRoles\u0022 (\r\n    \u0022Id\u0022 nvarchar(128) NOT NULL CONSTRAINT \u0022PK_AspNetRoles\u0022 PRIMARY KEY,\r\n    \u0022Name\u0022 nvarchar(256) NULL,\r\n    \u0022NormalizedName\u0022 nvarchar(128) NULL,\r\n    \u0022ConcurrencyStamp\u0022 nvarchar(max) NULL\r\n);","State":{"Message":"Failed executing DbCommand (0ms) [Parameters=[], CommandType=\u0027Text\u0027, CommandTimeout=\u002730\u0027]\r\nCREATE TABLE \u0022AspNetRoles\u0022 (\r\n    \u0022Id\u0022 nvarchar(128) NOT NULL CONSTRAINT \u0022PK_AspNetRoles\u0022 PRIMARY KEY,\r\n    \u0022Name\u0022 nvarchar(256) NULL,\r\n    \u0022NormalizedName\u0022 nvarchar(128) NULL,\r\n    \u0022ConcurrencyStamp\u0022 nvarchar(max) NULL\r\n);","elapsed":"0","parameters":"","commandType":"Text","commandTimeout":30,"newLine":"\r\n","commandText":"CREATE TABLE \u0022AspNetRoles\u0022 (\r\n    \u0022Id\u0022 nvarchar(128) NOT NULL CONSTRAINT \u0022PK_AspNetRoles\u0022 PRIMARY KEY,\r\n    \u0022Name\u0022 nvarchar(256) NULL,\r\n    \u0022NormalizedName\u0022 nvarchar(128) NULL,\r\n    \u0022ConcurrencyStamp\u0022 nvarchar(max) NULL\r\n);","{OriginalFormat}":"Failed executing DbCommand ({elapsed}ms) [Parameters=[{parameters}], CommandType=\u0027{commandType}\u0027, CommandTimeout=\u0027{commandTimeout}\u0027]{newLine}{commandText}"},"Scopes":[]}&#xD;
{"Timestamp":"2025-09-16T19:28:37.305Z","EventId":20102,"LogLevel":"Error","Category":"Microsoft.EntityFrameworkCore.Database.Command","Message":"Failed executing DbCommand (0ms) [Parameters=[], CommandType=\u0027Text\u0027, CommandTimeout=\u002730\u0027]\r\nCREATE TABLE \u0022AspNetRoles\u0022 (\r\n    \u0022Id\u0022 nvarchar(128) NOT NULL CONSTRAINT \u0022PK_AspNetRoles\u0022 PRIMARY KEY,\r\n    \u0022Name\u0022 nvarchar(256) NULL,\r\n    \u0022NormalizedName\u0022 nvarchar(128) NULL,\r\n    \u0022ConcurrencyStamp\u0022 nvarchar(max) NULL\r\n);","State":{"Message":"Failed executing DbCommand (0ms) [Parameters=[], CommandType=\u0027Text\u0027, CommandTimeout=\u002730\u0027]\r\nCREATE TABLE \u0022AspNetRoles\u0022 (\r\n    \u0022Id\u0022 nvarchar(128) NOT NULL CONSTRAINT \u0022PK_AspNetRoles\u0022 PRIMARY KEY,\r\n    \u0022Name\u0022 nvarchar(256) NULL,\r\n    \u0022NormalizedName\u0022 nvarchar(128) NULL,\r\n    \u0022ConcurrencyStamp\u0022 nvarchar(max) NULL\r\n);","elapsed":"0","parameters":"","commandType":"Text","commandTimeout":30,"newLine":"\r\n","commandText":"CREATE TABLE \u0022AspNetRoles\u0022 (\r\n    \u0022Id\u0022 nvarchar(128) NOT NULL CONSTRAINT \u0022PK_AspNetRoles\u0022 PRIMARY KEY,\r\n    \u0022Name\u0022 nvarchar(256) NULL,\r\n    \u0022NormalizedName\u0022 nvarchar(128) NULL,\r\n    \u0022ConcurrencyStamp\u0022 nvarchar(max) NULL\r\n);","{OriginalFormat}":"Failed executing DbCommand ({elapsed}ms) [Parameters=[{parameters}], CommandType=\u0027{commandType}\u0027, CommandTimeout=\u0027{commandTimeout}\u0027]{newLine}{commandText}"},"Scopes":[]}&#xD;
{"Timestamp":"2025-09-16T19:28:37.316Z","EventId":20102,"LogLevel":"Error","Category":"Microsoft.EntityFrameworkCore.Database.Command","Message":"Failed executing DbCommand (0ms) [Parameters=[], CommandType=\u0027Text\u0027, CommandTimeout=\u002730\u0027]\r\nCREATE TABLE \u0022AspNetRoles\u0022 (\r\n    \u0022Id\u0022 nvarchar(128) NOT NULL CONSTRAINT \u0022PK_AspNetRoles\u0022 PRIMARY KEY,\r\n    \u0022Name\u0022 nvarchar(256) NULL,\r\n    \u0022NormalizedName\u0022 nvarchar(128) NULL,\r\n    \u0022ConcurrencyStamp\u0022 nvarchar(max) NULL\r\n);","State":{"Message":"Failed executing DbCommand (0ms) [Parameters=[], CommandType=\u0027Text\u0027, CommandTimeout=\u002730\u0027]\r\nCREATE TABLE \u0022AspNetRoles\u0022 (\r\n    \u0022Id\u0022 nvarchar(128) NOT NULL CONSTRAINT \u0022PK_AspNetRoles\u0022 PRIMARY KEY,\r\n    \u0022Name\u0022 nvarchar(256) NULL,\r\n    \u0022NormalizedName\u0022 nvarchar(128) NULL,\r\n    \u0022ConcurrencyStamp\u0022 nvarchar(max) NULL\r\n);","elapsed":"0","parameters":"","commandType":"Text","commandTimeout":30,"newLine":"\r\n","commandText":"CREATE TABLE \u0022AspNetRoles\u0022 (\r\n    \u0022Id\u0022 nvarchar(128) NOT NULL CONSTRAINT \u0022PK_AspNetRoles\u0022 PRIMARY KEY,\r\n    \u0022Name\u0022 nvarchar(256) NULL,\r\n    \u0022NormalizedName\u0022 nvarchar(128) NULL,\r\n    \u0022ConcurrencyStamp\u0022 nvarchar(max) NULL\r\n);","{OriginalFormat}":"Failed executing DbCommand ({elapsed}ms) [Parameters=[{parameters}], CommandType=\u0027{commandType}\u0027, CommandTimeout=\u0027{commandTimeout}\u0027]{newLine}{commandText}"},"Scopes":[]}&#xD;
{"Timestamp":"2025-09-16T19:28:37.319Z","EventId":20102,"LogLevel":"Error","Category":"Microsoft.EntityFrameworkCore.Database.Command","Message":"Failed executing DbCommand (0ms) [Parameters=[], CommandType=\u0027Text\u0027, CommandTimeout=\u002730\u0027]\r\nCREATE TABLE \u0022AspNetRoles\u0022 (\r\n    \u0022Id\u0022 nvarchar(128) NOT NULL CONSTRAINT \u0022PK_AspNetRoles\u0022 PRIMARY KEY,\r\n    \u0022Name\u0022 nvarchar(256) NULL,\r\n    \u0022NormalizedName\u0022 nvarchar(128) NULL,\r\n    \u0022ConcurrencyStamp\u0022 nvarchar(max) NULL\r\n);","State":{"Message":"Failed executing DbCommand (0ms) [Parameters=[], CommandType=\u0027Text\u0027, CommandTimeout=\u002730\u0027]\r\nCREATE TABLE \u0022AspNetRoles\u0022 (\r\n    \u0022Id\u0022 nvarchar(128) NOT NULL CONSTRAINT \u0022PK_AspNetRoles\u0022 PRIMARY KEY,\r\n    \u0022Name\u0022 nvarchar(256) NULL,\r\n    \u0022NormalizedName\u0022 nvarchar(128) NULL,\r\n    \u0022ConcurrencyStamp\u0022 nvarchar(max) NULL\r\n);","elapsed":"0","parameters":"","commandType":"Text","commandTimeout":30,"newLine":"\r\n","commandText":"CREATE TABLE \u0022AspNetRoles\u0022 (\r\n    \u0022Id\u0022 nvarchar(128) NOT NULL CONSTRAINT \u0022PK_AspNetRoles\u0022 PRIMARY KEY,\r\n    \u0022Name\u0022 nvarchar(256) NULL,\r\n    \u0022NormalizedName\u0022 nvarchar(128) NULL,\r\n    \u0022ConcurrencyStamp\u0022 nvarchar(max) NULL\r\n);","{OriginalFormat}":"Failed executing DbCommand ({elapsed}ms) [Parameters=[{parameters}], CommandType=\u0027{commandType}\u0027, CommandTimeout=\u0027{commandTimeout}\u0027]{newLine}{commandText}"},"Scopes":[]}&#xD;
{"Timestamp":"2025-09-16T19:28:37.319Z","EventId":0,"LogLevel":"Error","Category":"Program","Message":"[Startup] Migration failed.","Exception":"Microsoft.Data.Sqlite.SqliteException (0x80004005): SQLite Error 1: \u0027table \u0022AspNetRoles\u0022 already exists\u0027.\r\n   at Microsoft.Data.Sqlite.SqliteException.ThrowExceptionForRC(Int32 rc, sqlite3 db)\r\n   at Microsoft.Data.Sqlite.SqliteCommand.PrepareAndEnumerateStatements()\u002BMoveNext()\r\n   at Microsoft.Data.Sqlite.SqliteCommand.GetStatements()\u002BMoveNext()\r\n   at Microsoft.Data.Sqlite.SqliteDataReader.NextResult()\r\n   at Microsoft.Data.Sqlite.SqliteCommand.ExecuteReader(CommandBehavior behavior)\r\n   at Microsoft.Data.Sqlite.SqliteCommand.ExecuteReader()\r\n   at Microsoft.Data.Sqlite.SqliteCommand.ExecuteNonQuery()\r\n   at System.Data.Common.DbCommand.ExecuteNonQueryAsync(CancellationToken cancellationToken)\r\n--- End of stack trace from previous location ---\r\n   at Microsoft.EntityFrameworkCore.Storage.RelationalCommand.ExecuteNonQueryAsync(RelationalCommandParameterObject parameterObject, CancellationToken cancellationToken)\r\n   at Microsoft.EntityFrameworkCore.Storage.RelationalCommand.ExecuteNonQueryAsync(RelationalCommandParameterObject parameterObject, CancellationToken cancellationToken)\r\n   at Microsoft.EntityFrameworkCore.Storage.RelationalCommand.ExecuteNonQueryAsync(RelationalCommandParameterObject parameterObject, CancellationToken cancellationToken)\r\n   at Microsoft.EntityFrameworkCore.Migrations.Internal.MigrationCommandExecutor.ExecuteNonQueryAsync(IEnumerable\u00601 migrationCommands, IRelationalConnection connection, CancellationToken cancellationToken)\r\n   at Microsoft.EntityFrameworkCore.Migrations.Internal.MigrationCommandExecutor.ExecuteNonQueryAsync(IEnumerable\u00601 migrationCommands, IRelationalConnection connection, CancellationToken cancellationToken)\r\n   at Microsoft.EntityFrameworkCore.Migrations.Internal.MigrationCommandExecutor.ExecuteNonQueryAsync(IEnumerable\u00601 migrationCommands, IRelationalConnection connection, CancellationToken cancellationToken)\r\n   at Microsoft.EntityFrameworkCore.Migrations.Internal.MigrationCommandExecutor.ExecuteNonQueryAsync(IEnumerable\u00601 migrationCommands, IRelationalConnection connection, CancellationToken cancellationToken)\r\n   at Microsoft.EntityFrameworkCore.Migrations.Internal.Migrator.MigrateAsync(String targetMigration, CancellationToken cancellationToken)\r\n   at Program.\u003CMain\u003E$(String[] args) in c:\\Users\\brand\\Desktop\\BCMTrac Auth Service\\AuthenticationAPI\\Program.cs:line 525","State":{"Message":"[Startup] Migration failed.","{OriginalFormat}":"[Startup] Migration failed."},"Scopes":[]}&#xD;
{"Timestamp":"2025-09-16T19:28:37.314Z","EventId":0,"LogLevel":"Error","Category":"Program","Message":"[Startup] Migration failed.","Exception":"Microsoft.Data.Sqlite.SqliteException (0x80004005): SQLite Error 1: \u0027table \u0022AspNetRoles\u0022 already exists\u0027.\r\n   at Microsoft.Data.Sqlite.SqliteException.ThrowExceptionForRC(Int32 rc, sqlite3 db)\r\n   at Microsoft.Data.Sqlite.SqliteCommand.PrepareAndEnumerateStatements()\u002BMoveNext()\r\n   at Microsoft.Data.Sqlite.SqliteCommand.GetStatements()\u002BMoveNext()\r\n   at Microsoft.Data.Sqlite.SqliteDataReader.NextResult()\r\n   at Microsoft.Data.Sqlite.SqliteCommand.ExecuteReader(CommandBehavior behavior)\r\n   at Microsoft.Data.Sqlite.SqliteCommand.ExecuteReader()\r\n   at Microsoft.Data.Sqlite.SqliteCommand.ExecuteNonQuery()\r\n   at System.Data.Common.DbCommand.ExecuteNonQueryAsync(CancellationToken cancellationToken)\r\n--- End of stack trace from previous location ---\r\n   at Microsoft.EntityFrameworkCore.Storage.RelationalCommand.ExecuteNonQueryAsync(RelationalCommandParameterObject parameterObject, CancellationToken cancellationToken)\r\n   at Microsoft.EntityFrameworkCore.Storage.RelationalCommand.ExecuteNonQueryAsync(RelationalCommandParameterObject parameterObject, CancellationToken cancellationToken)\r\n   at Microsoft.EntityFrameworkCore.Storage.RelationalCommand.ExecuteNonQueryAsync(RelationalCommandParameterObject parameterObject, CancellationToken cancellationToken)\r\n   at Microsoft.EntityFrameworkCore.Migrations.Internal.MigrationCommandExecutor.ExecuteNonQueryAsync(IEnumerable\u00601 migrationCommands, IRelationalConnection connection, CancellationToken cancellationToken)\r\n   at Microsoft.EntityFrameworkCore.Migrations.Internal.MigrationCommandExecutor.ExecuteNonQueryAsync(IEnumerable\u00601 migrationCommands, IRelationalConnection connection, CancellationToken cancellationToken)\r\n   at Microsoft.EntityFrameworkCore.Migrations.Internal.MigrationCommandExecutor.ExecuteNonQueryAsync(IEnumerable\u00601 migrationCommands, IRelationalConnection connection, CancellationToken cancellationToken)\r\n   at Microsoft.EntityFrameworkCore.Migrations.Internal.MigrationCommandExecutor.ExecuteNonQueryAsync(IEnumerable\u00601 migrationCommands, IRelationalConnection connection, CancellationToken cancellationToken)\r\n   at Microsoft.EntityFrameworkCore.Migrations.Internal.Migrator.MigrateAsync(String targetMigration, CancellationToken cancellationToken)\r\n   at Program.\u003CMain\u003E$(String[] args) in c:\\Users\\brand\\Desktop\\BCMTrac Auth Service\\AuthenticationAPI\\Program.cs:line 525","State":{"Message":"[Startup] Migration failed.","{OriginalFormat}":"[Startup] Migration failed."},"Scopes":[]}&#xD;
{"Timestamp":"2025-09-16T19:28:37.314Z","EventId":0,"LogLevel":"Error","Category":"Program","Message":"[Startup] Migration failed.","Exception":"Microsoft.Data.Sqlite.SqliteException (0x80004005): SQLite Error 1: \u0027table \u0022AspNetRoles\u0022 already exists\u0027.\r\n   at Microsoft.Data.Sqlite.SqliteException.ThrowExceptionForRC(Int32 rc, sqlite3 db)\r\n   at Microsoft.Data.Sqlite.SqliteCommand.PrepareAndEnumerateStatements()\u002BMoveNext()\r\n   at Microsoft.Data.Sqlite.SqliteCommand.GetStatements()\u002BMoveNext()\r\n   at Microsoft.Data.Sqlite.SqliteDataReader.NextResult()\r\n   at Microsoft.Data.Sqlite.SqliteCommand.ExecuteReader(CommandBehavior behavior)\r\n   at Microsoft.Data.Sqlite.SqliteCommand.ExecuteReader()\r\n   at Microsoft.Data.Sqlite.SqliteCommand.ExecuteNonQuery()\r\n   at System.Data.Common.DbCommand.ExecuteNonQueryAsync(CancellationToken cancellationToken)\r\n--- End of stack trace from previous location ---\r\n   at Microsoft.EntityFrameworkCore.Storage.RelationalCommand.ExecuteNonQueryAsync(RelationalCommandParameterObject parameterObject, CancellationToken cancellationToken)\r\n   at Microsoft.EntityFrameworkCore.Storage.RelationalCommand.ExecuteNonQueryAsync(RelationalCommandParameterObject parameterObject, CancellationToken cancellationToken)\r\n   at Microsoft.EntityFrameworkCore.Storage.RelationalCommand.ExecuteNonQueryAsync(RelationalCommandParameterObject parameterObject, CancellationToken cancellationToken)\r\n   at Microsoft.EntityFrameworkCore.Migrations.Internal.MigrationCommandExecutor.ExecuteNonQueryAsync(IEnumerable\u00601 migrationCommands, IRelationalConnection connection, CancellationToken cancellationToken)\r\n   at Microsoft.EntityFrameworkCore.Migrations.Internal.MigrationCommandExecutor.ExecuteNonQueryAsync(IEnumerable\u00601 migrationCommands, IRelationalConnection connection, CancellationToken cancellationToken)\r\n   at Microsoft.EntityFrameworkCore.Migrations.Internal.MigrationCommandExecutor.ExecuteNonQueryAsync(IEnumerable\u00601 migrationCommands, IRelationalConnection connection, CancellationToken cancellationToken)\r\n   at Microsoft.EntityFrameworkCore.Migrations.Internal.MigrationCommandExecutor.ExecuteNonQueryAsync(IEnumerable\u00601 migrationCommands, IRelationalConnection connection, CancellationToken cancellationToken)\r\n   at Microsoft.EntityFrameworkCore.Migrations.Internal.Migrator.MigrateAsync(String targetMigration, CancellationToken cancellationToken)\r\n   at Program.\u003CMain\u003E$(String[] args) in c:\\Users\\brand\\Desktop\\BCMTrac Auth Service\\AuthenticationAPI\\Program.cs:line 525","State":{"Message":"[Startup] Migration failed.","{OriginalFormat}":"[Startup] Migration failed."},"Scopes":[]}&#xD;
{"Timestamp":"2025-09-16T19:28:37.316Z","EventId":0,"LogLevel":"Error","Category":"Program","Message":"[Startup] Migration failed.","Exception":"Microsoft.Data.Sqlite.SqliteException (0x80004005): SQLite Error 1: \u0027table \u0022AspNetRoles\u0022 already exists\u0027.\r\n   at Microsoft.Data.Sqlite.SqliteException.ThrowExceptionForRC(Int32 rc, sqlite3 db)\r\n   at Microsoft.Data.Sqlite.SqliteCommand.PrepareAndEnumerateStatements()\u002BMoveNext()\r\n   at Microsoft.Data.Sqlite.SqliteCommand.GetStatements()\u002BMoveNext()\r\n   at Microsoft.Data.Sqlite.SqliteDataReader.NextResult()\r\n   at Microsoft.Data.Sqlite.SqliteCommand.ExecuteReader(CommandBehavior behavior)\r\n   at Microsoft.Data.Sqlite.SqliteCommand.ExecuteReader()\r\n   at Microsoft.Data.Sqlite.SqliteCommand.ExecuteNonQuery()\r\n   at System.Data.Common.DbCommand.ExecuteNonQueryAsync(CancellationToken cancellationToken)\r\n--- End of stack trace from previous location ---\r\n   at Microsoft.EntityFrameworkCore.Storage.RelationalCommand.ExecuteNonQueryAsync(RelationalCommandParameterObject parameterObject, CancellationToken cancellationToken)\r\n   at Microsoft.EntityFrameworkCore.Storage.RelationalCommand.ExecuteNonQueryAsync(RelationalCommandParameterObject parameterObject, CancellationToken cancellationToken)\r\n   at Microsoft.EntityFrameworkCore.Storage.RelationalCommand.ExecuteNonQueryAsync(RelationalCommandParameterObject parameterObject, CancellationToken cancellationToken)\r\n   at Microsoft.EntityFrameworkCore.Migrations.Internal.MigrationCommandExecutor.ExecuteNonQueryAsync(IEnumerable\u00601 migrationCommands, IRelationalConnection connection, CancellationToken cancellationToken)\r\n   at Microsoft.EntityFrameworkCore.Migrations.Internal.MigrationCommandExecutor.ExecuteNonQueryAsync(IEnumerable\u00601 migrationCommands, IRelationalConnection connection, CancellationToken cancellationToken)\r\n   at Microsoft.EntityFrameworkCore.Migrations.Internal.MigrationCommandExecutor.ExecuteNonQueryAsync(IEnumerable\u00601 migrationCommands, IRelationalConnection connection, CancellationToken cancellationToken)\r\n   at Microsoft.EntityFrameworkCore.Migrations.Internal.MigrationCommandExecutor.ExecuteNonQueryAsync(IEnumerable\u00601 migrationCommands, IRelationalConnection connection, CancellationToken cancellationToken)\r\n   at Microsoft.EntityFrameworkCore.Migrations.Internal.Migrator.MigrateAsync(String targetMigration, CancellationToken cancellationToken)\r\n   at Program.\u003CMain\u003E$(String[] args) in c:\\Users\\brand\\Desktop\\BCMTrac Auth Service\\AuthenticationAPI\\Program.cs:line 525","State":{"Message":"[Startup] Migration failed.","{OriginalFormat}":"[Startup] Migration failed."},"Scopes":[]}&#xD;
{"Timestamp":"2025-09-16T19:28:37.314Z","EventId":0,"LogLevel":"Error","Category":"Program","Message":"[Startup] Migration failed.","Exception":"Microsoft.Data.Sqlite.SqliteException (0x80004005): SQLite Error 1: \u0027table \u0022AspNetRoles\u0022 already exists\u0027.\r\n   at Microsoft.Data.Sqlite.SqliteException.ThrowExceptionForRC(Int32 rc, sqlite3 db)\r\n   at Microsoft.Data.Sqlite.SqliteCommand.PrepareAndEnumerateStatements()\u002BMoveNext()\r\n   at Microsoft.Data.Sqlite.SqliteCommand.GetStatements()\u002BMoveNext()\r\n   at Microsoft.Data.Sqlite.SqliteDataReader.NextResult()\r\n   at Microsoft.Data.Sqlite.SqliteCommand.ExecuteReader(CommandBehavior behavior)\r\n   at Microsoft.Data.Sqlite.SqliteCommand.ExecuteReader()\r\n   at Microsoft.Data.Sqlite.SqliteCommand.ExecuteNonQuery()\r\n   at System.Data.Common.DbCommand.ExecuteNonQueryAsync(CancellationToken cancellationToken)\r\n--- End of stack trace from previous location ---\r\n   at Microsoft.EntityFrameworkCore.Storage.RelationalCommand.ExecuteNonQueryAsync(RelationalCommandParameterObject parameterObject, CancellationToken cancellationToken)\r\n   at Microsoft.EntityFrameworkCore.Storage.RelationalCommand.ExecuteNonQueryAsync(RelationalCommandParameterObject parameterObject, CancellationToken cancellationToken)\r\n   at Microsoft.EntityFrameworkCore.Storage.RelationalCommand.ExecuteNonQueryAsync(RelationalCommandParameterObject parameterObject, CancellationToken cancellationToken)\r\n   at Microsoft.EntityFrameworkCore.Migrations.Internal.MigrationCommandExecutor.ExecuteNonQueryAsync(IEnumerable\u00601 migrationCommands, IRelationalConnection connection, CancellationToken cancellationToken)\r\n   at Microsoft.EntityFrameworkCore.Migrations.Internal.MigrationCommandExecutor.ExecuteNonQueryAsync(IEnumerable\u00601 migrationCommands, IRelationalConnection connection, CancellationToken cancellationToken)\r\n   at Microsoft.EntityFrameworkCore.Migrations.Internal.MigrationCommandExecutor.ExecuteNonQueryAsync(IEnumerable\u00601 migrationCommands, IRelationalConnection connection, CancellationToken cancellationToken)\r\n   at Microsoft.EntityFrameworkCore.Migrations.Internal.MigrationCommandExecutor.ExecuteNonQueryAsync(IEnumerable\u00601 migrationCommands, IRelationalConnection connection, CancellationToken cancellationToken)\r\n   at Microsoft.EntityFrameworkCore.Migrations.Internal.Migrator.MigrateAsync(String targetMigration, CancellationToken cancellationToken)\r\n   at Program.\u003CMain\u003E$(String[] args) in c:\\Users\\brand\\Desktop\\BCMTrac Auth Service\\AuthenticationAPI\\Program.cs:line 525","State":{"Message":"[Startup] Migration failed.","{OriginalFormat}":"[Startup] Migration failed."},"Scopes":[]}&#xD;
{"Timestamp":"2025-09-16T19:28:37.314Z","EventId":0,"LogLevel":"Error","Category":"Program","Message":"[Startup] Migration failed.","Exception":"Microsoft.Data.Sqlite.SqliteException (0x80004005): SQLite Error 1: \u0027table \u0022AspNetRoles\u0022 already exists\u0027.\r\n   at Microsoft.Data.Sqlite.SqliteException.ThrowExceptionForRC(Int32 rc, sqlite3 db)\r\n   at Microsoft.Data.Sqlite.SqliteCommand.PrepareAndEnumerateStatements()\u002BMoveNext()\r\n   at Microsoft.Data.Sqlite.SqliteCommand.GetStatements()\u002BMoveNext()\r\n   at Microsoft.Data.Sqlite.SqliteDataReader.NextResult()\r\n   at Microsoft.Data.Sqlite.SqliteCommand.ExecuteReader(CommandBehavior behavior)\r\n   at Microsoft.Data.Sqlite.SqliteCommand.ExecuteReader()\r\n   at Microsoft.Data.Sqlite.SqliteCommand.ExecuteNonQuery()\r\n   at System.Data.Common.DbCommand.ExecuteNonQueryAsync(CancellationToken cancellationToken)\r\n--- End of stack trace from previous location ---\r\n   at Microsoft.EntityFrameworkCore.Storage.RelationalCommand.ExecuteNonQueryAsync(RelationalCommandParameterObject parameterObject, CancellationToken cancellationToken)\r\n   at Microsoft.EntityFrameworkCore.Storage.RelationalCommand.ExecuteNonQueryAsync(RelationalCommandParameterObject parameterObject, CancellationToken cancellationToken)\r\n   at Microsoft.EntityFrameworkCore.Storage.RelationalCommand.ExecuteNonQueryAsync(RelationalCommandParameterObject parameterObject, CancellationToken cancellationToken)\r\n   at Microsoft.EntityFrameworkCore.Migrations.Internal.MigrationCommandExecutor.ExecuteNonQueryAsync(IEnumerable\u00601 migrationCommands, IRelationalConnection connection, CancellationToken cancellationToken)\r\n   at Microsoft.EntityFrameworkCore.Migrations.Internal.MigrationCommandExecutor.ExecuteNonQueryAsync(IEnumerable\u00601 migrationCommands, IRelationalConnection connection, CancellationToken cancellationToken)\r\n   at Microsoft.EntityFrameworkCore.Migrations.Internal.MigrationCommandExecutor.ExecuteNonQueryAsync(IEnumerable\u00601 migrationCommands, IRelationalConnection connection, CancellationToken cancellationToken)\r\n   at Microsoft.EntityFrameworkCore.Migrations.Internal.MigrationCommandExecutor.ExecuteNonQueryAsync(IEnumerable\u00601 migrationCommands, IRelationalConnection connection, CancellationToken cancellationToken)\r\n   at Microsoft.EntityFrameworkCore.Migrations.Internal.Migrator.MigrateAsync(String targetMigration, CancellationToken cancellationToken)\r\n   at Program.\u003CMain\u003E$(String[] args) in c:\\Users\\brand\\Desktop\\BCMTrac Auth Service\\AuthenticationAPI\\Program.cs:line 525","State":{"Message":"[Startup] Migration failed.","{OriginalFormat}":"[Startup] Migration failed."},"Scopes":[]}&#xD;
{"Timestamp":"2025-09-16T19:28:37.314Z","EventId":0,"LogLevel":"Error","Category":"Program","Message":"[Startup] Migration failed.","Exception":"Microsoft.Data.Sqlite.SqliteException (0x80004005): SQLite Error 1: \u0027table \u0022AspNetRoles\u0022 already exists\u0027.\r\n   at Microsoft.Data.Sqlite.SqliteException.ThrowExceptionForRC(Int32 rc, sqlite3 db)\r\n   at Microsoft.Data.Sqlite.SqliteCommand.PrepareAndEnumerateStatements()\u002BMoveNext()\r\n   at Microsoft.Data.Sqlite.SqliteCommand.GetStatements()\u002BMoveNext()\r\n   at Microsoft.Data.Sqlite.SqliteDataReader.NextResult()\r\n   at Microsoft.Data.Sqlite.SqliteCommand.ExecuteReader(CommandBehavior behavior)\r\n   at Microsoft.Data.Sqlite.SqliteCommand.ExecuteReader()\r\n   at Microsoft.Data.Sqlite.SqliteCommand.ExecuteNonQuery()\r\n   at System.Data.Common.DbCommand.ExecuteNonQueryAsync(CancellationToken cancellationToken)\r\n--- End of stack trace from previous location ---\r\n   at Microsoft.EntityFrameworkCore.Storage.RelationalCommand.ExecuteNonQueryAsync(RelationalCommandParameterObject parameterObject, CancellationToken cancellationToken)\r\n   at Microsoft.EntityFrameworkCore.Storage.RelationalCommand.ExecuteNonQueryAsync(RelationalCommandParameterObject parameterObject, CancellationToken cancellationToken)\r\n   at Microsoft.EntityFrameworkCore.Storage.RelationalCommand.ExecuteNonQueryAsync(RelationalCommandParameterObject parameterObject, CancellationToken cancellationToken)\r\n   at Microsoft.EntityFrameworkCore.Migrations.Internal.MigrationCommandExecutor.ExecuteNonQueryAsync(IEnumerable\u00601 migrationCommands, IRelationalConnection connection, CancellationToken cancellationToken)\r\n   at Microsoft.EntityFrameworkCore.Migrations.Internal.MigrationCommandExecutor.ExecuteNonQueryAsync(IEnumerable\u00601 migrationCommands, IRelationalConnection connection, CancellationToken cancellationToken)\r\n   at Microsoft.EntityFrameworkCore.Migrations.Internal.MigrationCommandExecutor.ExecuteNonQueryAsync(IEnumerable\u00601 migrationCommands, IRelationalConnection connection, CancellationToken cancellationToken)\r\n   at Microsoft.EntityFrameworkCore.Migrations.Internal.MigrationCommandExecutor.ExecuteNonQueryAsync(IEnumerable\u00601 migrationCommands, IRelationalConnection connection, CancellationToken cancellationToken)\r\n   at Microsoft.EntityFrameworkCore.Migrations.Internal.Migrator.MigrateAsync(String targetMigration, CancellationToken cancellationToken)\r\n   at Program.\u003CMain\u003E$(String[] args) in c:\\Users\\brand\\Desktop\\BCMTrac Auth Service\\AuthenticationAPI\\Program.cs:line 525","State":{"Message":"[Startup] Migration failed.","{OriginalFormat}":"[Startup] Migration failed."},"Scopes":[]}&#xD;
{"Timestamp":"2025-09-16T19:28:39.230Z","EventId":0,"LogLevel":"Warning","Category":"AuthenticationAPI.Infrastructure.Middleware.ExceptionHandlingMiddleware","Message":"API Exception: Invalid credentials. (StatusCode: 400)","State":{"Message":"API Exception: Invalid credentials. (StatusCode: 400)","Message":"Invalid credentials.","StatusCode":400,"{OriginalFormat}":"API Exception: {Message} (StatusCode: {StatusCode})"},"Scopes":[{"Message":"SpanId:b051a0c7e47f13aa, TraceId:3e1d1a3256a2fcee6b7200f95ec94150, ParentId:0000000000000000","SpanId":"b051a0c7e47f13aa","TraceId":"3e1d1a3256a2fcee6b7200f95ec94150","ParentId":"0000000000000000"},{"Message":"RequestPath:/api/v1/authenticate/login RequestId:0HNFL8PS99J6H","RequestId":"0HNFL8PS99J6H","RequestPath":"/api/v1/authenticate/login"}]}&#xD;
{"Timestamp":"2025-09-16T19:28:39.444Z","EventId":0,"LogLevel":"Warning","Category":"AuthenticationAPI.Infrastructure.Middleware.ExceptionHandlingMiddleware","Message":"API Exception: Refresh token is invalid or expired. (StatusCode: 400)","State":{"Message":"API Exception: Refresh token is invalid or expired. (StatusCode: 400)","Message":"Refresh token is invalid or expired.","StatusCode":400,"{OriginalFormat}":"API Exception: {Message} (StatusCode: {StatusCode})"},"Scopes":[{"Message":"SpanId:05b542b3cb30ad53, TraceId:3de6c66a098919c38e8ed91df111157f, ParentId:0000000000000000","SpanId":"05b542b3cb30ad53","TraceId":"3de6c66a098919c38e8ed91df111157f","ParentId":"0000000000000000"},{"Message":"RequestPath:/api/v1/authenticate/refresh RequestId:0HNFL8PS99J6T","RequestId":"0HNFL8PS99J6T","RequestPath":"/api/v1/authenticate/refresh"}]}&#xD;
{"Timestamp":"2025-09-16T19:28:39.456Z","EventId":0,"LogLevel":"Warning","Category":"AuthenticationAPI.Infrastructure.Middleware.ExceptionHandlingMiddleware","Message":"API Exception: Refresh token is invalid or expired. (StatusCode: 400)","State":{"Message":"API Exception: Refresh token is invalid or expired. (StatusCode: 400)","Message":"Refresh token is invalid or expired.","StatusCode":400,"{OriginalFormat}":"API Exception: {Message} (StatusCode: {StatusCode})"},"Scopes":[{"Message":"SpanId:6d1ab2cbd7501107, TraceId:066268827c4d5ff3b3d9413716edfbbc, ParentId:0000000000000000","SpanId":"6d1ab2cbd7501107","TraceId":"066268827c4d5ff3b3d9413716edfbbc","ParentId":"0000000000000000"},{"Message":"RequestPath:/api/v1/authenticate/refresh RequestId:0HNFL8PS99J71","RequestId":"0HNFL8PS99J71","RequestPath":"/api/v1/authenticate/refresh"}]}&#xD;
{"Timestamp":"2025-09-16T19:28:39.459Z","EventId":0,"LogLevel":"Warning","Category":"AuthenticationAPI.Infrastructure.Middleware.ExceptionHandlingMiddleware","Message":"API Exception: Refresh token is invalid or expired. (StatusCode: 400)","State":{"Message":"API Exception: Refresh token is invalid or expired. (StatusCode: 400)","Message":"Refresh token is invalid or expired.","StatusCode":400,"{OriginalFormat}":"API Exception: {Message} (StatusCode: {StatusCode})"},"Scopes":[{"Message":"SpanId:33b5af07f2b5cf2b, TraceId:ee1297e05f94e2e9a2802a416bc1290f, ParentId:0000000000000000","SpanId":"33b5af07f2b5cf2b","TraceId":"ee1297e05f94e2e9a2802a416bc1290f","ParentId":"0000000000000000"},{"Message":"RequestPath:/api/v1/authenticate/refresh RequestId:0HNFL8PS99J74","RequestId":"0HNFL8PS99J74","RequestPath":"/api/v1/authenticate/refresh"}]}&#xD;
{"Timestamp":"2025-09-16T19:28:39.467Z","EventId":0,"LogLevel":"Warning","Category":"AuthenticationAPI.Infrastructure.Middleware.ExceptionHandlingMiddleware","Message":"API Exception: Refresh token is invalid or expired. (StatusCode: 400)","State":{"Message":"API Exception: Refresh token is invalid or expired. (StatusCode: 400)","Message":"Refresh token is invalid or expired.","StatusCode":400,"{OriginalFormat}":"API Exception: {Message} (StatusCode: {StatusCode})"},"Scopes":[{"Message":"SpanId:c8588d5f7d628366, TraceId:bdeeb8b0c2433a17d10f2aa4effc649f, ParentId:0000000000000000","SpanId":"c8588d5f7d628366","TraceId":"bdeeb8b0c2433a17d10f2aa4effc649f","ParentId":"0000000000000000"},{"Message":"RequestPath:/api/v1/authenticate/refresh RequestId:0HNFL8PS99J75","RequestId":"0HNFL8PS99J75","RequestPath":"/api/v1/authenticate/refresh"}]}&#xD;
{"Timestamp":"2025-09-16T19:28:39.478Z","EventId":0,"LogLevel":"Warning","Category":"AuthenticationAPI.Infrastructure.Middleware.ExceptionHandlingMiddleware","Message":"API Exception: Refresh token is invalid or expired. (StatusCode: 400)","State":{"Message":"API Exception: Refresh token is invalid or expired. (StatusCode: 400)","Message":"Refresh token is invalid or expired.","StatusCode":400,"{OriginalFormat}":"API Exception: {Message} (StatusCode: {StatusCode})"},"Scopes":[{"Message":"SpanId:913b6980365c962a, TraceId:701846889ac4400335a92c17d6194a88, ParentId:0000000000000000","SpanId":"913b6980365c962a","TraceId":"701846889ac4400335a92c17d6194a88","ParentId":"0000000000000000"},{"Message":"RequestPath:/api/v1/authenticate/refresh RequestId:0HNFL8PS99J79","RequestId":"0HNFL8PS99J79","RequestPath":"/api/v1/authenticate/refresh"}]}&#xD;
{"Timestamp":"2025-09-16T19:28:39.570Z","EventId":0,"LogLevel":"Warning","Category":"AuthenticationAPI.Infrastructure.Middleware.ExceptionHandlingMiddleware","Message":"API Exception: Invalid credentials. (StatusCode: 400)","State":{"Message":"API Exception: Invalid credentials. (StatusCode: 400)","Message":"Invalid credentials.","StatusCode":400,"{OriginalFormat}":"API Exception: {Message} (StatusCode: {StatusCode})"},"Scopes":[{"Message":"SpanId:d4881b604a75c300, TraceId:d23ecedb5455718f73312a5112228841, ParentId:0000000000000000","SpanId":"d4881b604a75c300","TraceId":"d23ecedb5455718f73312a5112228841","ParentId":"0000000000000000"},{"Message":"RequestPath:/api/v1/authenticate/login RequestId:0HNFL8PS99J6M","RequestId":"0HNFL8PS99J6M","RequestPath":"/api/v1/authenticate/login"}]}&#xD;
{"Timestamp":"2025-09-16T19:28:39.914Z","EventId":0,"LogLevel":"Warning","Category":"AuthenticationAPI.Infrastructure.Middleware.ExceptionHandlingMiddleware","Message":"API Exception: Invalid credentials. (StatusCode: 400)","State":{"Message":"API Exception: Invalid credentials. (StatusCode: 400)","Message":"Invalid credentials.","StatusCode":400,"{OriginalFormat}":"API Exception: {Message} (StatusCode: {StatusCode})"},"Scopes":[{"Message":"SpanId:16245a5e290eb60b, TraceId:754c2ead73426012315573561750e8d0, ParentId:0000000000000000","SpanId":"16245a5e290eb60b","TraceId":"754c2ead73426012315573561750e8d0","ParentId":"0000000000000000"},{"Message":"RequestPath:/api/v1/authenticate/login RequestId:0HNFL8PS99J7B","RequestId":"0HNFL8PS99J7B","RequestPath":"/api/v1/authenticate/login"}]}&#xD;
{"Timestamp":"2025-09-16T19:28:40.243Z","EventId":0,"LogLevel":"Warning","Category":"AuthenticationAPI.Infrastructure.Middleware.ExceptionHandlingMiddleware","Message":"API Exception: Invalid credentials. (StatusCode: 400)","State":{"Message":"API Exception: Invalid credentials. (StatusCode: 400)","Message":"Invalid credentials.","StatusCode":400,"{OriginalFormat}":"API Exception: {Message} (StatusCode: {StatusCode})"},"Scopes":[{"Message":"SpanId:f48ea41c9d29f8a9, TraceId:7aa7a32c3e1f9a33c8eeb4a34722acd2, ParentId:0000000000000000","SpanId":"f48ea41c9d29f8a9","TraceId":"7aa7a32c3e1f9a33c8eeb4a34722acd2","ParentId":"0000000000000000"},{"Message":"RequestPath:/api/v1/authenticate/login RequestId:0HNFL8PS99J7G","RequestId":"0HNFL8PS99J7G","RequestPath":"/api/v1/authenticate/login"}]}&#xD;
{"Timestamp":"2025-09-16T19:28:40.523Z","EventId":0,"LogLevel":"Warning","Category":"AuthenticationAPI.Infrastructure.Middleware.ExceptionHandlingMiddleware","Message":"API Exception: Invalid credentials. (StatusCode: 400)","State":{"Message":"API Exception: Invalid credentials. (StatusCode: 400)","Message":"Invalid credentials.","StatusCode":400,"{OriginalFormat}":"API Exception: {Message} (StatusCode: {StatusCode})"},"Scopes":[{"Message":"SpanId:1a9b4a4b6957a5fd, TraceId:793b058f535e767a936d947d86602e02, ParentId:0000000000000000","SpanId":"1a9b4a4b6957a5fd","TraceId":"793b058f535e767a936d947d86602e02","ParentId":"0000000000000000"},{"Message":"RequestPath:/api/v1/authenticate/login RequestId:0HNFL8PS99J7I","RequestId":"0HNFL8PS99J7I","RequestPath":"/api/v1/authenticate/login"}]}&#xD;
{"Timestamp":"2025-09-16T19:28:40.781Z","EventId":0,"LogLevel":"Warning","Category":"AuthenticationAPI.Infrastructure.Middleware.ExceptionHandlingMiddleware","Message":"API Exception: Invalid credentials. (StatusCode: 400)","State":{"Message":"API Exception: Invalid credentials. (StatusCode: 400)","Message":"Invalid credentials.","StatusCode":400,"{OriginalFormat}":"API Exception: {Message} (StatusCode: {StatusCode})"},"Scopes":[{"Message":"SpanId:4f6e878766621561, TraceId:69c9f3f4ccdeaef48b7fbedaea7ba850, ParentId:0000000000000000","SpanId":"4f6e878766621561","TraceId":"69c9f3f4ccdeaef48b7fbedaea7ba850","ParentId":"0000000000000000"},{"Message":"RequestPath:/api/v1/authenticate/login RequestId:0HNFL8PS99J7J","RequestId":"0HNFL8PS99J7J","RequestPath":"/api/v1/authenticate/login"}]}&#xD;
{"Timestamp":"2025-09-16T19:28:40.816Z","EventId":0,"LogLevel":"Warning","Category":"AuthenticationAPI.Infrastructure.Middleware.ExceptionHandlingMiddleware","Message":"API Exception: Invalid credentials. (StatusCode: 400)","State":{"Message":"API Exception: Invalid credentials. (StatusCode: 400)","Message":"Invalid credentials.","StatusCode":400,"{OriginalFormat}":"API Exception: {Message} (StatusCode: {StatusCode})"},"Scopes":[{"Message":"SpanId:315c3e3fd76680f0, TraceId:b28a034499d0b2b5e694cde0e7b1df08, ParentId:0000000000000000","SpanId":"315c3e3fd76680f0","TraceId":"b28a034499d0b2b5e694cde0e7b1df08","ParentId":"0000000000000000"},{"Message":"RequestPath:/api/v1/authenticate/login RequestId:0HNFL8PS99J7K","RequestId":"0HNFL8PS99J7K","RequestPath":"/api/v1/authenticate/login"}]}&#xD;
{"Timestamp":"2025-09-16T19:28:41.130Z","EventId":0,"LogLevel":"Warning","Category":"AuthenticationAPI.Infrastructure.Middleware.ExceptionHandlingMiddleware","Message":"API Exception: Invalid credentials. (StatusCode: 400)","State":{"Message":"API Exception: Invalid credentials. (StatusCode: 400)","Message":"Invalid credentials.","StatusCode":400,"{OriginalFormat}":"API Exception: {Message} (StatusCode: {StatusCode})"},"Scopes":[{"Message":"SpanId:021a4d0676f78659, TraceId:b4560181b6ffa989cc16954701a8018e, ParentId:0000000000000000","SpanId":"021a4d0676f78659","TraceId":"b4560181b6ffa989cc16954701a8018e","ParentId":"0000000000000000"},{"Message":"RequestPath:/api/v1/authenticate/login RequestId:0HNFL8PS99J7M","RequestId":"0HNFL8PS99J7M","RequestPath":"/api/v1/authenticate/login"}]}&#xD;
{"Timestamp":"2025-09-16T19:28:41.418Z","EventId":0,"LogLevel":"Warning","Category":"AuthenticationAPI.Infrastructure.Middleware.ExceptionHandlingMiddleware","Message":"API Exception: Invalid credentials. (StatusCode: 400)","State":{"Message":"API Exception: Invalid credentials. (StatusCode: 400)","Message":"Invalid credentials.","StatusCode":400,"{OriginalFormat}":"API Exception: {Message} (StatusCode: {StatusCode})"},"Scopes":[{"Message":"SpanId:6a8db493f6d294e4, TraceId:e165148d8b8170f1732bc3e16a8043b2, ParentId:0000000000000000","SpanId":"6a8db493f6d294e4","TraceId":"e165148d8b8170f1732bc3e16a8043b2","ParentId":"0000000000000000"},{"Message":"RequestPath:/api/v1/authenticate/login RequestId:0HNFL8PS99J7N","RequestId":"0HNFL8PS99J7N","RequestPath":"/api/v1/authenticate/login"}]}&#xD;
{"Timestamp":"2025-09-16T19:28:41.700Z","EventId":0,"LogLevel":"Warning","Category":"AuthenticationAPI.Infrastructure.Middleware.ExceptionHandlingMiddleware","Message":"API Exception: Invalid credentials. (StatusCode: 400)","State":{"Message":"API Exception: Invalid credentials. (StatusCode: 400)","Message":"Invalid credentials.","StatusCode":400,"{OriginalFormat}":"API Exception: {Message} (StatusCode: {StatusCode})"},"Scopes":[{"Message":"SpanId:f4c6832b012c8c17, TraceId:627b9a3d1ea33a8d69b0f46a4428b847, ParentId:0000000000000000","SpanId":"f4c6832b012c8c17","TraceId":"627b9a3d1ea33a8d69b0f46a4428b847","ParentId":"0000000000000000"},{"Message":"RequestPath:/api/v1/authenticate/login RequestId:0HNFL8PS99J7O","RequestId":"0HNFL8PS99J7O","RequestPath":"/api/v1/authenticate/login"}]}&#xD;
{"Timestamp":"2025-09-16T19:28:41.985Z","EventId":0,"LogLevel":"Warning","Category":"AuthenticationAPI.Infrastructure.Middleware.ExceptionHandlingMiddleware","Message":"API Exception: Invalid credentials. (StatusCode: 400)","State":{"Message":"API Exception: Invalid credentials. (StatusCode: 400)","Message":"Invalid credentials.","StatusCode":400,"{OriginalFormat}":"API Exception: {Message} (StatusCode: {StatusCode})"},"Scopes":[{"Message":"SpanId:c99c529ecc33e433, TraceId:6d8c43c9bb734b9464df15bff9b4601b, ParentId:0000000000000000","SpanId":"c99c529ecc33e433","TraceId":"6d8c43c9bb734b9464df15bff9b4601b","ParentId":"0000000000000000"},{"Message":"RequestPath:/api/v1/authenticate/login RequestId:0HNFL8PS99J7P","RequestId":"0HNFL8PS99J7P","RequestPath":"/api/v1/authenticate/login"}]}&#xD;
{"Timestamp":"2025-09-16T19:28:41.988Z","EventId":0,"LogLevel":"Warning","Category":"AuthenticationAPI.Infrastructure.Middleware.ExceptionHandlingMiddleware","Message":"API Exception: Your account is locked. Please contact support. (StatusCode: 400)","State":{"Message":"API Exception: Your account is locked. Please contact support. (StatusCode: 400)","Message":"Your account is locked. Please contact support.","StatusCode":400,"{OriginalFormat}":"API Exception: {Message} (StatusCode: {StatusCode})"},"Scopes":[{"Message":"SpanId:517883d47c8d9238, TraceId:ffb85d670c1042bd6e1f8e48d677be7b, ParentId:0000000000000000","SpanId":"517883d47c8d9238","TraceId":"ffb85d670c1042bd6e1f8e48d677be7b","ParentId":"0000000000000000"},{"Message":"RequestPath:/api/v1/authenticate/login RequestId:0HNFL8PS99J7Q","RequestId":"0HNFL8PS99J7Q","RequestPath":"/api/v1/authenticate/login"}]}&#xD;
{"Timestamp":"2025-09-16T19:28:41.990Z","EventId":0,"LogLevel":"Warning","Category":"AuthenticationAPI.Infrastructure.Middleware.ExceptionHandlingMiddleware","Message":"API Exception: Your account is locked. Please contact support. (StatusCode: 400)","State":{"Message":"API Exception: Your account is locked. Please contact support. (StatusCode: 400)","Message":"Your account is locked. Please contact support.","StatusCode":400,"{OriginalFormat}":"API Exception: {Message} (StatusCode: {StatusCode})"},"Scopes":[{"Message":"SpanId:d39ca55b52a728e0, TraceId:b3278470cae9c52defa723913e315c03, ParentId:0000000000000000","SpanId":"d39ca55b52a728e0","TraceId":"b3278470cae9c52defa723913e315c03","ParentId":"0000000000000000"},{"Message":"RequestPath:/api/v1/authenticate/login RequestId:0HNFL8PS99J7R","RequestId":"0HNFL8PS99J7R","RequestPath":"/api/v1/authenticate/login"}]}&#xD;
[xUnit.net 00:00:06.95]   Finished:    AuthenticationAPI.IntegrationTests&#xD;
</StdOut>
    </Output>
    <CollectorDataEntries>
      <Collector agentName="BRANDONWINDOWS" uri="datacollector://microsoft/CoverletCodeCoverage/1.0" collectorDisplayName="XPlat code coverage">
        <UriAttachments>
          <UriAttachment>
            <A href="BRANDONWINDOWS\coverage.cobertura.xml"></A>
          </UriAttachment>
        </UriAttachments>
      </Collector>
    </CollectorDataEntries>
  </ResultSummary>
</TestRun>