<?xml version="1.0" encoding="utf-8"?>
<TestRun id="849d3de3-f321-4735-ba50-8d6b037e264c" name="brand@BRANDONWINDOWS 2025-09-17 23:25:10" runUser="BRANDONWINDOWS\brand" xmlns="http://microsoft.com/schemas/VisualStudio/TeamTest/2010">
  <Times creation="2025-09-17T23:25:10.8399847+02:00" queuing="2025-09-17T23:25:10.8399854+02:00" start="2025-09-17T23:25:05.8222099+02:00" finish="2025-09-17T23:25:10.8463729+02:00" />
  <TestSettings name="default" id="295e6e3f-042d-48ba-a846-ef1042e6f7b7">
    <Deployment runDeploymentRoot="brand_BRANDONWINDOWS_2025-09-17_23_25_10" />
  </TestSettings>
  <Results>
    <UnitTestResult executionId="66834348-b4da-4c75-9ad9-086ea776564d" testId="00a6d831-5ae4-4d2d-9858-25e523d6f9d6" testName="IntegrationTests.MfaAdditionalTests.Regenerate_Recovery_Codes" computerName="BRANDONWINDOWS" duration="00:00:04.1863082" startTime="2025-09-17T23:25:10.7232718+02:00" endTime="2025-09-17T23:25:10.7232881+02:00" testType="13cdc9d9-ddb5-4fa4-a97d-d965ccfc6d4b" outcome="Failed" testListId="8c84fa94-04c1-424b-9868-57a2d4851a1d" relativeResultsDirectory="66834348-b4da-4c75-9ad9-086ea776564d">
      <Output>
        <ErrorInfo>
          <Message>System.Net.Http.HttpRequestException : Response status code does not indicate success: 400 (Bad Request).</Message>
          <StackTrace>   at System.Net.Http.HttpResponseMessage.EnsureSuccessStatusCode()&#xD;
   at IntegrationTests.MfaAdditionalTests.Regenerate_Recovery_Codes() in c:\Users\brand\Desktop\BCMTrac Auth Service\AuthenticationAPI\IntegrationTests\MfaAdditionalTests.cs:line 51&#xD;
--- End of stack trace from previous location ---</StackTrace>
        </ErrorInfo>
      </Output>
    </UnitTestResult>
  </Results>
  <TestDefinitions>
    <UnitTest name="IntegrationTests.MfaAdditionalTests.Regenerate_Recovery_Codes" storage="c:\users\brand\desktop\bcmtrac auth service\authenticationapi\integrationtests\bin\debug\net8.0\authenticationapi.integrationtests.dll" id="00a6d831-5ae4-4d2d-9858-25e523d6f9d6">
      <Execution id="66834348-b4da-4c75-9ad9-086ea776564d" />
      <TestMethod codeBase="c:\Users\brand\Desktop\BCMTrac Auth Service\AuthenticationAPI\IntegrationTests\bin\Debug\net8.0\AuthenticationAPI.IntegrationTests.dll" adapterTypeName="executor://xunit/VsTestRunner2/netcoreapp" className="IntegrationTests.MfaAdditionalTests" name="Regenerate_Recovery_Codes" />
    </UnitTest>
  </TestDefinitions>
  <TestEntries>
    <TestEntry testId="00a6d831-5ae4-4d2d-9858-25e523d6f9d6" executionId="66834348-b4da-4c75-9ad9-086ea776564d" testListId="8c84fa94-04c1-424b-9868-57a2d4851a1d" />
  </TestEntries>
  <TestLists>
    <TestList name="Results Not in a List" id="8c84fa94-04c1-424b-9868-57a2d4851a1d" />
    <TestList name="All Loaded Results" id="19431567-8539-422a-85d7-44ee4e166bda" />
  </TestLists>
  <ResultSummary outcome="Failed">
    <Counters total="1" executed="1" passed="0" failed="1" error="0" timeout="0" aborted="0" inconclusive="0" passedButRunAborted="0" notRunnable="0" notExecuted="0" disconnected="0" warning="0" completed="0" inProgress="0" pending="0" />
    <Output>
      <StdOut>[xUnit.net 00:00:00.00] xUnit.net VSTest Adapter v2.8.2+699d445a1a (64-bit .NET 8.0.20)&#xD;
[xUnit.net 00:00:00.16]   Discovering: AuthenticationAPI.IntegrationTests&#xD;
[xUnit.net 00:00:00.19]   Discovered:  AuthenticationAPI.IntegrationTests&#xD;
[xUnit.net 00:00:00.20]   Starting:    AuthenticationAPI.IntegrationTests&#xD;
{"Timestamp":"2025-09-17T23:25:10.699Z","EventId":0,"LogLevel":"Warning","Category":"AuthenticationAPI.Infrastructure.Middleware.ExceptionHandlingMiddleware","Message":"API Exception: Multi-factor authentication is not initialized for this account. (StatusCode: 400)","State":{"Message":"API Exception: Multi-factor authentication is not initialized for this account. (StatusCode: 400)","Message":"Multi-factor authentication is not initialized for this account.","StatusCode":400,"{OriginalFormat}":"API Exception: {Message} (StatusCode: {StatusCode})"},"Scopes":[{"Message":"SpanId:104c2bd116bfe566, TraceId:9b90be7251f862078f2bc601294fd5b7, ParentId:0000000000000000","SpanId":"104c2bd116bfe566","TraceId":"9b90be7251f862078f2bc601294fd5b7","ParentId":"0000000000000000"},{"Message":"RequestPath:/api/v1/authenticate/mfa/enroll/confirm RequestId:0HNFM62MNE53L","RequestId":"0HNFM62MNE53L","RequestPath":"/api/v1/authenticate/mfa/enroll/confirm"}]}&#xD;
[xUnit.net 00:00:04.43]       System.Net.Http.HttpRequestException : Response status code does not indicate success: 400 (Bad Request).&#xD;
[xUnit.net 00:00:04.43]       Stack Trace:&#xD;
[xUnit.net 00:00:04.43]            at System.Net.Http.HttpResponseMessage.EnsureSuccessStatusCode()&#xD;
[xUnit.net 00:00:04.43]         c:\Users\brand\Desktop\BCMTrac Auth Service\AuthenticationAPI\IntegrationTests\MfaAdditionalTests.cs(51,0): at IntegrationTests.MfaAdditionalTests.Regenerate_Recovery_Codes()&#xD;
[xUnit.net 00:00:04.43]         --- End of stack trace from previous location ---&#xD;
[xUnit.net 00:00:04.46]   Finished:    AuthenticationAPI.IntegrationTests&#xD;
</StdOut>
    </Output>
    <RunInfos>
      <RunInfo computerName="BRANDONWINDOWS" outcome="Error" timestamp="2025-09-17T23:25:10.7205175+02:00">
        <Text>[xUnit.net 00:00:04.43]     IntegrationTests.MfaAdditionalTests.Regenerate_Recovery_Codes [FAIL]</Text>
      </RunInfo>
    </RunInfos>
  </ResultSummary>
</TestRun>