<?xml version="1.0" encoding="utf-8"?>
<TestRun id="68364e54-3f0a-4993-9f66-4d6652f480ec" name="brand@BRANDONWINDOWS 2025-09-16 19:03:19" runUser="BRANDONWINDOWS\brand" xmlns="http://microsoft.com/schemas/VisualStudio/TeamTest/2010">
  <Times creation="2025-09-16T19:03:19.2004194+02:00" queuing="2025-09-16T19:03:19.2004198+02:00" start="2025-09-16T19:03:14.3740487+02:00" finish="2025-09-16T19:03:21.5047544+02:00" />
  <TestSettings name="default" id="973fcd8e-af1e-4516-95cc-778c9158175c">
    <Deployment runDeploymentRoot="brand_BRANDONWINDOWS_2025-09-16_19_03_19" />
  </TestSettings>
  <Results>
    <UnitTestResult executionId="fc9623bb-35c8-4748-9f88-6a8f1e9eaa5a" testId="26d348fd-9b0d-d651-4c57-4aa70b9971a2" testName="AuthenticationAPI.IntegrationTests.AuthFlowTests.Register_Confirm_Login_Me_Refresh_Logout" computerName="BRANDONWINDOWS" duration="00:00:04.2953050" startTime="2025-09-16T19:03:19.1804913+02:00" endTime="2025-09-16T19:03:19.1805077+02:00" testType="13cdc9d9-ddb5-4fa4-a97d-d965ccfc6d4b" outcome="Passed" testListId="8c84fa94-04c1-424b-9868-57a2d4851a1d" relativeResultsDirectory="fc9623bb-35c8-4748-9f88-6a8f1e9eaa5a" />
    <UnitTestResult executionId="5a9ad2bb-3456-4644-bafe-068f3b8ed55c" testId="dc21cb14-9537-9275-e646-1baba834d922" testName="AuthenticationAPI.IntegrationTests.AuthFlowTests.Password_Reset_Flow_Changes_Password_And_Revokes_Tokens" computerName="BRANDONWINDOWS" duration="00:00:02.1981522" startTime="2025-09-16T19:03:21.3799719+02:00" endTime="2025-09-16T19:03:21.3799721+02:00" testType="13cdc9d9-ddb5-4fa4-a97d-d965ccfc6d4b" outcome="Passed" testListId="8c84fa94-04c1-424b-9868-57a2d4851a1d" relativeResultsDirectory="5a9ad2bb-3456-4644-bafe-068f3b8ed55c" />
  </Results>
  <TestDefinitions>
    <UnitTest name="AuthenticationAPI.IntegrationTests.AuthFlowTests.Password_Reset_Flow_Changes_Password_And_Revokes_Tokens" storage="c:\users\brand\desktop\bcmtrac auth service\authenticationapi\authenticationapi.integrationtests\bin\debug\net8.0\authenticationapi.integrationtests.dll" id="dc21cb14-9537-9275-e646-1baba834d922">
      <Execution id="5a9ad2bb-3456-4644-bafe-068f3b8ed55c" />
      <TestMethod codeBase="C:\Users\brand\Desktop\BCMTrac Auth Service\AuthenticationAPI\AuthenticationAPI.IntegrationTests\bin\Debug\net8.0\AuthenticationAPI.IntegrationTests.dll" adapterTypeName="executor://xunit/VsTestRunner2/netcoreapp" className="AuthenticationAPI.IntegrationTests.AuthFlowTests" name="Password_Reset_Flow_Changes_Password_And_Revokes_Tokens" />
    </UnitTest>
    <UnitTest name="AuthenticationAPI.IntegrationTests.AuthFlowTests.Register_Confirm_Login_Me_Refresh_Logout" storage="c:\users\brand\desktop\bcmtrac auth service\authenticationapi\authenticationapi.integrationtests\bin\debug\net8.0\authenticationapi.integrationtests.dll" id="26d348fd-9b0d-d651-4c57-4aa70b9971a2">
      <Execution id="fc9623bb-35c8-4748-9f88-6a8f1e9eaa5a" />
      <TestMethod codeBase="C:\Users\brand\Desktop\BCMTrac Auth Service\AuthenticationAPI\AuthenticationAPI.IntegrationTests\bin\Debug\net8.0\AuthenticationAPI.IntegrationTests.dll" adapterTypeName="executor://xunit/VsTestRunner2/netcoreapp" className="AuthenticationAPI.IntegrationTests.AuthFlowTests" name="Register_Confirm_Login_Me_Refresh_Logout" />
    </UnitTest>
  </TestDefinitions>
  <TestEntries>
    <TestEntry testId="26d348fd-9b0d-d651-4c57-4aa70b9971a2" executionId="fc9623bb-35c8-4748-9f88-6a8f1e9eaa5a" testListId="8c84fa94-04c1-424b-9868-57a2d4851a1d" />
    <TestEntry testId="dc21cb14-9537-9275-e646-1baba834d922" executionId="5a9ad2bb-3456-4644-bafe-068f3b8ed55c" testListId="8c84fa94-04c1-424b-9868-57a2d4851a1d" />
  </TestEntries>
  <TestLists>
    <TestList name="Results Not in a List" id="8c84fa94-04c1-424b-9868-57a2d4851a1d" />
    <TestList name="All Loaded Results" id="19431567-8539-422a-85d7-44ee4e166bda" />
  </TestLists>
  <ResultSummary outcome="Completed">
    <Counters total="2" executed="2" passed="2" failed="0" error="0" timeout="0" aborted="0" inconclusive="0" passedButRunAborted="0" notRunnable="0" notExecuted="0" disconnected="0" warning="0" completed="0" inProgress="0" pending="0" />
    <Output>
      <StdOut>[xUnit.net 00:00:00.00] xUnit.net VSTest Adapter v2.8.2+699d445a1a (64-bit .NET 8.0.20)&#xD;
[xUnit.net 00:00:00.07]   Discovering: AuthenticationAPI.IntegrationTests&#xD;
[xUnit.net 00:00:00.10]   Discovered:  AuthenticationAPI.IntegrationTests&#xD;
[xUnit.net 00:00:00.10]   Starting:    AuthenticationAPI.IntegrationTests&#xD;
{"Timestamp":"2025-09-16T19:03:16.748Z","EventId":20102,"LogLevel":"Error","Category":"Microsoft.EntityFrameworkCore.Database.Command","Message":"Failed executing DbCommand (2ms) [Parameters=[], CommandType=\u0027Text\u0027, CommandTimeout=\u002730\u0027]\r\nCREATE TABLE \u0022AspNetRoles\u0022 (\r\n    \u0022Id\u0022 nvarchar(128) NOT NULL CONSTRAINT \u0022PK_AspNetRoles\u0022 PRIMARY KEY,\r\n    \u0022Name\u0022 nvarchar(256) NULL,\r\n    \u0022NormalizedName\u0022 nvarchar(128) NULL,\r\n    \u0022ConcurrencyStamp\u0022 nvarchar(max) NULL\r\n);","State":{"Message":"Failed executing DbCommand (2ms) [Parameters=[], CommandType=\u0027Text\u0027, CommandTimeout=\u002730\u0027]\r\nCREATE TABLE \u0022AspNetRoles\u0022 (\r\n    \u0022Id\u0022 nvarchar(128) NOT NULL CONSTRAINT \u0022PK_AspNetRoles\u0022 PRIMARY KEY,\r\n    \u0022Name\u0022 nvarchar(256) NULL,\r\n    \u0022NormalizedName\u0022 nvarchar(128) NULL,\r\n    \u0022ConcurrencyStamp\u0022 nvarchar(max) NULL\r\n);","elapsed":"2","parameters":"","commandType":"Text","commandTimeout":30,"newLine":"\r\n","commandText":"CREATE TABLE \u0022AspNetRoles\u0022 (\r\n    \u0022Id\u0022 nvarchar(128) NOT NULL CONSTRAINT \u0022PK_AspNetRoles\u0022 PRIMARY KEY,\r\n    \u0022Name\u0022 nvarchar(256) NULL,\r\n    \u0022NormalizedName\u0022 nvarchar(128) NULL,\r\n    \u0022ConcurrencyStamp\u0022 nvarchar(max) NULL\r\n);","{OriginalFormat}":"Failed executing DbCommand ({elapsed}ms) [Parameters=[{parameters}], CommandType=\u0027{commandType}\u0027, CommandTimeout=\u0027{commandTimeout}\u0027]{newLine}{commandText}"},"Scopes":[]}&#xD;
{"Timestamp":"2025-09-16T19:03:16.756Z","EventId":0,"LogLevel":"Error","Category":"Program","Message":"[Startup] Migration failed.","Exception":"Microsoft.Data.Sqlite.SqliteException (0x80004005): SQLite Error 1: \u0027table \u0022AspNetRoles\u0022 already exists\u0027.\r\n   at Microsoft.Data.Sqlite.SqliteException.ThrowExceptionForRC(Int32 rc, sqlite3 db)\r\n   at Microsoft.Data.Sqlite.SqliteCommand.PrepareAndEnumerateStatements()\u002BMoveNext()\r\n   at Microsoft.Data.Sqlite.SqliteCommand.GetStatements()\u002BMoveNext()\r\n   at Microsoft.Data.Sqlite.SqliteDataReader.NextResult()\r\n   at Microsoft.Data.Sqlite.SqliteCommand.ExecuteReader(CommandBehavior behavior)\r\n   at Microsoft.Data.Sqlite.SqliteCommand.ExecuteReader()\r\n   at Microsoft.Data.Sqlite.SqliteCommand.ExecuteNonQuery()\r\n   at System.Data.Common.DbCommand.ExecuteNonQueryAsync(CancellationToken cancellationToken)\r\n--- End of stack trace from previous location ---\r\n   at Microsoft.EntityFrameworkCore.Storage.RelationalCommand.ExecuteNonQueryAsync(RelationalCommandParameterObject parameterObject, CancellationToken cancellationToken)\r\n   at Microsoft.EntityFrameworkCore.Storage.RelationalCommand.ExecuteNonQueryAsync(RelationalCommandParameterObject parameterObject, CancellationToken cancellationToken)\r\n   at Microsoft.EntityFrameworkCore.Storage.RelationalCommand.ExecuteNonQueryAsync(RelationalCommandParameterObject parameterObject, CancellationToken cancellationToken)\r\n   at Microsoft.EntityFrameworkCore.Migrations.Internal.MigrationCommandExecutor.ExecuteNonQueryAsync(IEnumerable\u00601 migrationCommands, IRelationalConnection connection, CancellationToken cancellationToken)\r\n   at Microsoft.EntityFrameworkCore.Migrations.Internal.MigrationCommandExecutor.ExecuteNonQueryAsync(IEnumerable\u00601 migrationCommands, IRelationalConnection connection, CancellationToken cancellationToken)\r\n   at Microsoft.EntityFrameworkCore.Migrations.Internal.MigrationCommandExecutor.ExecuteNonQueryAsync(IEnumerable\u00601 migrationCommands, IRelationalConnection connection, CancellationToken cancellationToken)\r\n   at Microsoft.EntityFrameworkCore.Migrations.Internal.MigrationCommandExecutor.ExecuteNonQueryAsync(IEnumerable\u00601 migrationCommands, IRelationalConnection connection, CancellationToken cancellationToken)\r\n   at Microsoft.EntityFrameworkCore.Migrations.Internal.Migrator.MigrateAsync(String targetMigration, CancellationToken cancellationToken)\r\n   at Program.\u003CMain\u003E$(String[] args)","State":{"Message":"[Startup] Migration failed.","{OriginalFormat}":"[Startup] Migration failed."},"Scopes":[]}&#xD;
{"Timestamp":"2025-09-16T19:03:19.167Z","EventId":0,"LogLevel":"Warning","Category":"AuthenticationAPI.Infrastructure.Middleware.ExceptionHandlingMiddleware","Message":"API Exception: Refresh token is invalid or expired. (StatusCode: 400)","State":{"Message":"API Exception: Refresh token is invalid or expired. (StatusCode: 400)","Message":"Refresh token is invalid or expired.","StatusCode":400,"{OriginalFormat}":"API Exception: {Message} (StatusCode: {StatusCode})"},"Scopes":[{"Message":"SpanId:9b70501fdb7a9f6d, TraceId:69eaf7be8cb9fd4e2f28d5d589a1c986, ParentId:0000000000000000","SpanId":"9b70501fdb7a9f6d","TraceId":"69eaf7be8cb9fd4e2f28d5d589a1c986","ParentId":"0000000000000000"},{"Message":"RequestPath:/api/v1/authenticate/refresh RequestId:0HNFL8BN4E8UO","RequestId":"0HNFL8BN4E8UO","RequestPath":"/api/v1/authenticate/refresh"}]}&#xD;
{"Timestamp":"2025-09-16T19:03:21.067Z","EventId":0,"LogLevel":"Warning","Category":"AuthenticationAPI.Infrastructure.Middleware.ExceptionHandlingMiddleware","Message":"API Exception: Invalid credentials. (StatusCode: 400)","State":{"Message":"API Exception: Invalid credentials. (StatusCode: 400)","Message":"Invalid credentials.","StatusCode":400,"{OriginalFormat}":"API Exception: {Message} (StatusCode: {StatusCode})"},"Scopes":[{"Message":"SpanId:215d45c4c681412a, TraceId:86f6540e6b5f3325bd6a777b47ce0f19, ParentId:0000000000000000","SpanId":"215d45c4c681412a","TraceId":"86f6540e6b5f3325bd6a777b47ce0f19","ParentId":"0000000000000000"},{"Message":"RequestPath:/api/v1/authenticate/login RequestId:0HNFL8BN4E8UT","RequestId":"0HNFL8BN4E8UT","RequestPath":"/api/v1/authenticate/login"}]}&#xD;
[xUnit.net 00:00:06.67]   Finished:    AuthenticationAPI.IntegrationTests&#xD;
</StdOut>
    </Output>
  </ResultSummary>
</TestRun>