<?xml version="1.0" encoding="utf-8"?>
<TestRun id="136a8808-fc51-47e8-9c96-2499afefeaed" name="brand@BRANDONWINDOWS 2025-09-16 19:08:52" runUser="BRANDONWINDOWS\brand" xmlns="http://microsoft.com/schemas/VisualStudio/TeamTest/2010">
  <Times creation="2025-09-16T19:08:52.1456966+02:00" queuing="2025-09-16T19:08:52.1456972+02:00" start="2025-09-16T19:08:48.6144229+02:00" finish="2025-09-16T19:08:53.6951509+02:00" />
  <TestSettings name="default" id="44e74bff-ac8e-417e-bb19-5640478c9ac7">
    <Deployment runDeploymentRoot="brand_BRANDONWINDOWS_2025-09-16_19_08_52" />
  </TestSettings>
  <Results>
    <UnitTestResult executionId="42a76a2b-85cb-452c-8f69-a2fdcc60c959" testId="dc21cb14-9537-9275-e646-1baba834d922" testName="AuthenticationAPI.IntegrationTests.AuthFlowTests.Password_Reset_Flow_Changes_Password_And_Revokes_Tokens" computerName="BRANDONWINDOWS" duration="00:00:01.4586430" startTime="2025-09-16T19:08:53.5856597+02:00" endTime="2025-09-16T19:08:53.5856598+02:00" testType="13cdc9d9-ddb5-4fa4-a97d-d965ccfc6d4b" outcome="Passed" testListId="8c84fa94-04c1-424b-9868-57a2d4851a1d" relativeResultsDirectory="42a76a2b-85cb-452c-8f69-a2fdcc60c959" />
    <UnitTestResult executionId="ea53c505-261c-49f7-939e-63b4fbaf5ccc" testId="26d348fd-9b0d-d651-4c57-4aa70b9971a2" testName="AuthenticationAPI.IntegrationTests.AuthFlowTests.Register_Confirm_Login_Me_Refresh_Logout" computerName="BRANDONWINDOWS" duration="00:00:03.0627418" startTime="2025-09-16T19:08:52.1256631+02:00" endTime="2025-09-16T19:08:52.1256789+02:00" testType="13cdc9d9-ddb5-4fa4-a97d-d965ccfc6d4b" outcome="Passed" testListId="8c84fa94-04c1-424b-9868-57a2d4851a1d" relativeResultsDirectory="ea53c505-261c-49f7-939e-63b4fbaf5ccc" />
  </Results>
  <TestDefinitions>
    <UnitTest name="AuthenticationAPI.IntegrationTests.AuthFlowTests.Password_Reset_Flow_Changes_Password_And_Revokes_Tokens" storage="c:\users\brand\desktop\bcmtrac auth service\authenticationapi\authenticationapi.integrationtests\bin\debug\net8.0\authenticationapi.integrationtests.dll" id="dc21cb14-9537-9275-e646-1baba834d922">
      <Execution id="42a76a2b-85cb-452c-8f69-a2fdcc60c959" />
      <TestMethod codeBase="C:\Users\brand\Desktop\BCMTrac Auth Service\AuthenticationAPI\AuthenticationAPI.IntegrationTests\bin\Debug\net8.0\AuthenticationAPI.IntegrationTests.dll" adapterTypeName="executor://xunit/VsTestRunner2/netcoreapp" className="AuthenticationAPI.IntegrationTests.AuthFlowTests" name="Password_Reset_Flow_Changes_Password_And_Revokes_Tokens" />
    </UnitTest>
    <UnitTest name="AuthenticationAPI.IntegrationTests.AuthFlowTests.Register_Confirm_Login_Me_Refresh_Logout" storage="c:\users\brand\desktop\bcmtrac auth service\authenticationapi\authenticationapi.integrationtests\bin\debug\net8.0\authenticationapi.integrationtests.dll" id="26d348fd-9b0d-d651-4c57-4aa70b9971a2">
      <Execution id="ea53c505-261c-49f7-939e-63b4fbaf5ccc" />
      <TestMethod codeBase="C:\Users\brand\Desktop\BCMTrac Auth Service\AuthenticationAPI\AuthenticationAPI.IntegrationTests\bin\Debug\net8.0\AuthenticationAPI.IntegrationTests.dll" adapterTypeName="executor://xunit/VsTestRunner2/netcoreapp" className="AuthenticationAPI.IntegrationTests.AuthFlowTests" name="Register_Confirm_Login_Me_Refresh_Logout" />
    </UnitTest>
  </TestDefinitions>
  <TestEntries>
    <TestEntry testId="dc21cb14-9537-9275-e646-1baba834d922" executionId="42a76a2b-85cb-452c-8f69-a2fdcc60c959" testListId="8c84fa94-04c1-424b-9868-57a2d4851a1d" />
    <TestEntry testId="26d348fd-9b0d-d651-4c57-4aa70b9971a2" executionId="ea53c505-261c-49f7-939e-63b4fbaf5ccc" testListId="8c84fa94-04c1-424b-9868-57a2d4851a1d" />
  </TestEntries>
  <TestLists>
    <TestList name="Results Not in a List" id="8c84fa94-04c1-424b-9868-57a2d4851a1d" />
    <TestList name="All Loaded Results" id="19431567-8539-422a-85d7-44ee4e166bda" />
  </TestLists>
  <ResultSummary outcome="Completed">
    <Counters total="2" executed="2" passed="2" failed="0" error="0" timeout="0" aborted="0" inconclusive="0" passedButRunAborted="0" notRunnable="0" notExecuted="0" disconnected="0" warning="0" completed="0" inProgress="0" pending="0" />
    <Output>
      <StdOut>[xUnit.net 00:00:00.00] xUnit.net VSTest Adapter v2.8.2+699d445a1a (64-bit .NET 8.0.20)&#xD;
[xUnit.net 00:00:00.06]   Discovering: AuthenticationAPI.IntegrationTests&#xD;
[xUnit.net 00:00:00.09]   Discovered:  AuthenticationAPI.IntegrationTests&#xD;
[xUnit.net 00:00:00.09]   Starting:    AuthenticationAPI.IntegrationTests&#xD;
{"Timestamp":"2025-09-16T19:08:50.535Z","EventId":20102,"LogLevel":"Error","Category":"Microsoft.EntityFrameworkCore.Database.Command","Message":"Failed executing DbCommand (2ms) [Parameters=[], CommandType=\u0027Text\u0027, CommandTimeout=\u002730\u0027]\r\nCREATE TABLE \u0022AspNetRoles\u0022 (\r\n    \u0022Id\u0022 nvarchar(128) NOT NULL CONSTRAINT \u0022PK_AspNetRoles\u0022 PRIMARY KEY,\r\n    \u0022Name\u0022 nvarchar(256) NULL,\r\n    \u0022NormalizedName\u0022 nvarchar(128) NULL,\r\n    \u0022ConcurrencyStamp\u0022 nvarchar(max) NULL\r\n);","State":{"Message":"Failed executing DbCommand (2ms) [Parameters=[], CommandType=\u0027Text\u0027, CommandTimeout=\u002730\u0027]\r\nCREATE TABLE \u0022AspNetRoles\u0022 (\r\n    \u0022Id\u0022 nvarchar(128) NOT NULL CONSTRAINT \u0022PK_AspNetRoles\u0022 PRIMARY KEY,\r\n    \u0022Name\u0022 nvarchar(256) NULL,\r\n    \u0022NormalizedName\u0022 nvarchar(128) NULL,\r\n    \u0022ConcurrencyStamp\u0022 nvarchar(max) NULL\r\n);","elapsed":"2","parameters":"","commandType":"Text","commandTimeout":30,"newLine":"\r\n","commandText":"CREATE TABLE \u0022AspNetRoles\u0022 (\r\n    \u0022Id\u0022 nvarchar(128) NOT NULL CONSTRAINT \u0022PK_AspNetRoles\u0022 PRIMARY KEY,\r\n    \u0022Name\u0022 nvarchar(256) NULL,\r\n    \u0022NormalizedName\u0022 nvarchar(128) NULL,\r\n    \u0022ConcurrencyStamp\u0022 nvarchar(max) NULL\r\n);","{OriginalFormat}":"Failed executing DbCommand ({elapsed}ms) [Parameters=[{parameters}], CommandType=\u0027{commandType}\u0027, CommandTimeout=\u0027{commandTimeout}\u0027]{newLine}{commandText}"},"Scopes":[]}&#xD;
{"Timestamp":"2025-09-16T19:08:50.542Z","EventId":0,"LogLevel":"Error","Category":"Program","Message":"[Startup] Migration failed.","Exception":"Microsoft.Data.Sqlite.SqliteException (0x80004005): SQLite Error 1: \u0027table \u0022AspNetRoles\u0022 already exists\u0027.\r\n   at Microsoft.Data.Sqlite.SqliteException.ThrowExceptionForRC(Int32 rc, sqlite3 db)\r\n   at Microsoft.Data.Sqlite.SqliteCommand.PrepareAndEnumerateStatements()\u002BMoveNext()\r\n   at Microsoft.Data.Sqlite.SqliteCommand.GetStatements()\u002BMoveNext()\r\n   at Microsoft.Data.Sqlite.SqliteDataReader.NextResult()\r\n   at Microsoft.Data.Sqlite.SqliteCommand.ExecuteReader(CommandBehavior behavior)\r\n   at Microsoft.Data.Sqlite.SqliteCommand.ExecuteReader()\r\n   at Microsoft.Data.Sqlite.SqliteCommand.ExecuteNonQuery()\r\n   at System.Data.Common.DbCommand.ExecuteNonQueryAsync(CancellationToken cancellationToken)\r\n--- End of stack trace from previous location ---\r\n   at Microsoft.EntityFrameworkCore.Storage.RelationalCommand.ExecuteNonQueryAsync(RelationalCommandParameterObject parameterObject, CancellationToken cancellationToken)\r\n   at Microsoft.EntityFrameworkCore.Storage.RelationalCommand.ExecuteNonQueryAsync(RelationalCommandParameterObject parameterObject, CancellationToken cancellationToken)\r\n   at Microsoft.EntityFrameworkCore.Storage.RelationalCommand.ExecuteNonQueryAsync(RelationalCommandParameterObject parameterObject, CancellationToken cancellationToken)\r\n   at Microsoft.EntityFrameworkCore.Migrations.Internal.MigrationCommandExecutor.ExecuteNonQueryAsync(IEnumerable\u00601 migrationCommands, IRelationalConnection connection, CancellationToken cancellationToken)\r\n   at Microsoft.EntityFrameworkCore.Migrations.Internal.MigrationCommandExecutor.ExecuteNonQueryAsync(IEnumerable\u00601 migrationCommands, IRelationalConnection connection, CancellationToken cancellationToken)\r\n   at Microsoft.EntityFrameworkCore.Migrations.Internal.MigrationCommandExecutor.ExecuteNonQueryAsync(IEnumerable\u00601 migrationCommands, IRelationalConnection connection, CancellationToken cancellationToken)\r\n   at Microsoft.EntityFrameworkCore.Migrations.Internal.MigrationCommandExecutor.ExecuteNonQueryAsync(IEnumerable\u00601 migrationCommands, IRelationalConnection connection, CancellationToken cancellationToken)\r\n   at Microsoft.EntityFrameworkCore.Migrations.Internal.Migrator.MigrateAsync(String targetMigration, CancellationToken cancellationToken)\r\n   at Program.\u003CMain\u003E$(String[] args) in C:\\Users\\brand\\Desktop\\BCMTrac Auth Service\\AuthenticationAPI\\Program.cs:line 525","State":{"Message":"[Startup] Migration failed.","{OriginalFormat}":"[Startup] Migration failed."},"Scopes":[]}&#xD;
{"Timestamp":"2025-09-16T19:08:52.112Z","EventId":0,"LogLevel":"Warning","Category":"AuthenticationAPI.Infrastructure.Middleware.ExceptionHandlingMiddleware","Message":"API Exception: Refresh token is invalid or expired. (StatusCode: 400)","State":{"Message":"API Exception: Refresh token is invalid or expired. (StatusCode: 400)","Message":"Refresh token is invalid or expired.","StatusCode":400,"{OriginalFormat}":"API Exception: {Message} (StatusCode: {StatusCode})"},"Scopes":[{"Message":"SpanId:36f44775e5bb71c9, TraceId:3b4b070211ca3f69a75ce0da270b4c75, ParentId:0000000000000000","SpanId":"36f44775e5bb71c9","TraceId":"3b4b070211ca3f69a75ce0da270b4c75","ParentId":"0000000000000000"},{"Message":"RequestPath:/api/v1/authenticate/refresh RequestId:0HNFL8EQJ17VD","RequestId":"0HNFL8EQJ17VD","RequestPath":"/api/v1/authenticate/refresh"}]}&#xD;
{"Timestamp":"2025-09-16T19:08:53.252Z","EventId":0,"LogLevel":"Warning","Category":"AuthenticationAPI.Infrastructure.Middleware.ExceptionHandlingMiddleware","Message":"API Exception: Invalid credentials. (StatusCode: 400)","State":{"Message":"API Exception: Invalid credentials. (StatusCode: 400)","Message":"Invalid credentials.","StatusCode":400,"{OriginalFormat}":"API Exception: {Message} (StatusCode: {StatusCode})"},"Scopes":[{"Message":"SpanId:a4829b528b6c5b5d, TraceId:0763d1cc5761684d881611f951b1013e, ParentId:0000000000000000","SpanId":"a4829b528b6c5b5d","TraceId":"0763d1cc5761684d881611f951b1013e","ParentId":"0000000000000000"},{"Message":"RequestPath:/api/v1/authenticate/login RequestId:0HNFL8EQJ17VI","RequestId":"0HNFL8EQJ17VI","RequestPath":"/api/v1/authenticate/login"}]}&#xD;
[xUnit.net 00:00:04.68]   Finished:    AuthenticationAPI.IntegrationTests&#xD;
</StdOut>
    </Output>
  </ResultSummary>
</TestRun>