<?xml version="1.0" encoding="utf-8"?>
<TestRun id="dbc956e5-0aa4-4c55-8428-c1f38fb2d177" name="brand@BRANDONWINDOWS 2025-09-16 18:53:12" runUser="BRANDONWINDOWS\brand" xmlns="http://microsoft.com/schemas/VisualStudio/TeamTest/2010">
  <Times creation="2025-09-16T18:53:12.3219188+02:00" queuing="2025-09-16T18:53:12.3219191+02:00" start="2025-09-16T18:53:03.3968330+02:00" finish="2025-09-16T18:53:14.7320000+02:00" />
  <TestSettings name="default" id="766f1047-6162-4709-badf-575e7f7f5713">
    <Deployment runDeploymentRoot="brand_BRANDONWINDOWS_2025-09-16_18_53_12" />
  </TestSettings>
  <Results>
    <UnitTestResult executionId="6fcec9da-4415-48f4-bcc3-d894a751d6bb" testId="26d348fd-9b0d-d651-4c57-4aa70b9971a2" testName="AuthenticationAPI.IntegrationTests.AuthFlowTests.Register_Confirm_Login_Me_Refresh_Logout" computerName="BRANDONWINDOWS" duration="00:00:03.8594136" startTime="2025-09-16T18:53:12.2834816+02:00" endTime="2025-09-16T18:53:12.2834976+02:00" testType="13cdc9d9-ddb5-4fa4-a97d-d965ccfc6d4b" outcome="Passed" testListId="8c84fa94-04c1-424b-9868-57a2d4851a1d" relativeResultsDirectory="6fcec9da-4415-48f4-bcc3-d894a751d6bb" />
    <UnitTestResult executionId="7ec2b7e0-ecae-49f6-a1d5-9949e47b9da0" testId="dc21cb14-9537-9275-e646-1baba834d922" testName="AuthenticationAPI.IntegrationTests.AuthFlowTests.Password_Reset_Flow_Changes_Password_And_Revokes_Tokens" computerName="BRANDONWINDOWS" duration="00:00:01.4660633" startTime="2025-09-16T18:53:13.7507836+02:00" endTime="2025-09-16T18:53:13.7507837+02:00" testType="13cdc9d9-ddb5-4fa4-a97d-d965ccfc6d4b" outcome="Passed" testListId="8c84fa94-04c1-424b-9868-57a2d4851a1d" relativeResultsDirectory="7ec2b7e0-ecae-49f6-a1d5-9949e47b9da0" />
  </Results>
  <TestDefinitions>
    <UnitTest name="AuthenticationAPI.IntegrationTests.AuthFlowTests.Password_Reset_Flow_Changes_Password_And_Revokes_Tokens" storage="c:\users\brand\desktop\bcmtrac auth service\authenticationapi\authenticationapi.integrationtests\bin\debug\net8.0\authenticationapi.integrationtests.dll" id="dc21cb14-9537-9275-e646-1baba834d922">
      <Execution id="7ec2b7e0-ecae-49f6-a1d5-9949e47b9da0" />
      <TestMethod codeBase="c:\Users\brand\Desktop\BCMTrac Auth Service\AuthenticationAPI\AuthenticationAPI.IntegrationTests\bin\Debug\net8.0\AuthenticationAPI.IntegrationTests.dll" adapterTypeName="executor://xunit/VsTestRunner2/netcoreapp" className="AuthenticationAPI.IntegrationTests.AuthFlowTests" name="Password_Reset_Flow_Changes_Password_And_Revokes_Tokens" />
    </UnitTest>
    <UnitTest name="AuthenticationAPI.IntegrationTests.AuthFlowTests.Register_Confirm_Login_Me_Refresh_Logout" storage="c:\users\brand\desktop\bcmtrac auth service\authenticationapi\authenticationapi.integrationtests\bin\debug\net8.0\authenticationapi.integrationtests.dll" id="26d348fd-9b0d-d651-4c57-4aa70b9971a2">
      <Execution id="6fcec9da-4415-48f4-bcc3-d894a751d6bb" />
      <TestMethod codeBase="c:\Users\brand\Desktop\BCMTrac Auth Service\AuthenticationAPI\AuthenticationAPI.IntegrationTests\bin\Debug\net8.0\AuthenticationAPI.IntegrationTests.dll" adapterTypeName="executor://xunit/VsTestRunner2/netcoreapp" className="AuthenticationAPI.IntegrationTests.AuthFlowTests" name="Register_Confirm_Login_Me_Refresh_Logout" />
    </UnitTest>
  </TestDefinitions>
  <TestEntries>
    <TestEntry testId="26d348fd-9b0d-d651-4c57-4aa70b9971a2" executionId="6fcec9da-4415-48f4-bcc3-d894a751d6bb" testListId="8c84fa94-04c1-424b-9868-57a2d4851a1d" />
    <TestEntry testId="dc21cb14-9537-9275-e646-1baba834d922" executionId="7ec2b7e0-ecae-49f6-a1d5-9949e47b9da0" testListId="8c84fa94-04c1-424b-9868-57a2d4851a1d" />
  </TestEntries>
  <TestLists>
    <TestList name="Results Not in a List" id="8c84fa94-04c1-424b-9868-57a2d4851a1d" />
    <TestList name="All Loaded Results" id="19431567-8539-422a-85d7-44ee4e166bda" />
  </TestLists>
  <ResultSummary outcome="Completed">
    <Counters total="2" executed="2" passed="2" failed="0" error="0" timeout="0" aborted="0" inconclusive="0" passedButRunAborted="0" notRunnable="0" notExecuted="0" disconnected="0" warning="0" completed="0" inProgress="0" pending="0" />
    <Output>
      <StdOut>[xUnit.net 00:00:00.00] xUnit.net VSTest Adapter v2.8.2+699d445a1a (64-bit .NET 8.0.20)&#xD;
[xUnit.net 00:00:00.12]   Discovering: AuthenticationAPI.IntegrationTests&#xD;
[xUnit.net 00:00:00.15]   Discovered:  AuthenticationAPI.IntegrationTests&#xD;
[xUnit.net 00:00:00.15]   Starting:    AuthenticationAPI.IntegrationTests&#xD;
{"Timestamp":"2025-09-16T18:53:09.944Z","EventId":20102,"LogLevel":"Error","Category":"Microsoft.EntityFrameworkCore.Database.Command","Message":"Failed executing DbCommand (2ms) [Parameters=[], CommandType=\u0027Text\u0027, CommandTimeout=\u002730\u0027]\r\nCREATE TABLE \u0022AspNetRoles\u0022 (\r\n    \u0022Id\u0022 nvarchar(128) NOT NULL CONSTRAINT \u0022PK_AspNetRoles\u0022 PRIMARY KEY,\r\n    \u0022Name\u0022 nvarchar(256) NULL,\r\n    \u0022NormalizedName\u0022 nvarchar(128) NULL,\r\n    \u0022ConcurrencyStamp\u0022 nvarchar(max) NULL\r\n);","State":{"Message":"Failed executing DbCommand (2ms) [Parameters=[], CommandType=\u0027Text\u0027, CommandTimeout=\u002730\u0027]\r\nCREATE TABLE \u0022AspNetRoles\u0022 (\r\n    \u0022Id\u0022 nvarchar(128) NOT NULL CONSTRAINT \u0022PK_AspNetRoles\u0022 PRIMARY KEY,\r\n    \u0022Name\u0022 nvarchar(256) NULL,\r\n    \u0022NormalizedName\u0022 nvarchar(128) NULL,\r\n    \u0022ConcurrencyStamp\u0022 nvarchar(max) NULL\r\n);","elapsed":"2","parameters":"","commandType":"Text","commandTimeout":30,"newLine":"\r\n","commandText":"CREATE TABLE \u0022AspNetRoles\u0022 (\r\n    \u0022Id\u0022 nvarchar(128) NOT NULL CONSTRAINT \u0022PK_AspNetRoles\u0022 PRIMARY KEY,\r\n    \u0022Name\u0022 nvarchar(256) NULL,\r\n    \u0022NormalizedName\u0022 nvarchar(128) NULL,\r\n    \u0022ConcurrencyStamp\u0022 nvarchar(max) NULL\r\n);","{OriginalFormat}":"Failed executing DbCommand ({elapsed}ms) [Parameters=[{parameters}], CommandType=\u0027{commandType}\u0027, CommandTimeout=\u0027{commandTimeout}\u0027]{newLine}{commandText}"},"Scopes":[]}&#xD;
{"Timestamp":"2025-09-16T18:53:09.951Z","EventId":0,"LogLevel":"Error","Category":"Program","Message":"[Startup] Migration failed.","Exception":"Microsoft.Data.Sqlite.SqliteException (0x80004005): SQLite Error 1: \u0027table \u0022AspNetRoles\u0022 already exists\u0027.\r\n   at Microsoft.Data.Sqlite.SqliteException.ThrowExceptionForRC(Int32 rc, sqlite3 db)\r\n   at Microsoft.Data.Sqlite.SqliteCommand.PrepareAndEnumerateStatements()\u002BMoveNext()\r\n   at Microsoft.Data.Sqlite.SqliteCommand.GetStatements()\u002BMoveNext()\r\n   at Microsoft.Data.Sqlite.SqliteDataReader.NextResult()\r\n   at Microsoft.Data.Sqlite.SqliteCommand.ExecuteReader(CommandBehavior behavior)\r\n   at Microsoft.Data.Sqlite.SqliteCommand.ExecuteReader()\r\n   at Microsoft.Data.Sqlite.SqliteCommand.ExecuteNonQuery()\r\n   at System.Data.Common.DbCommand.ExecuteNonQueryAsync(CancellationToken cancellationToken)\r\n--- End of stack trace from previous location ---\r\n   at Microsoft.EntityFrameworkCore.Storage.RelationalCommand.ExecuteNonQueryAsync(RelationalCommandParameterObject parameterObject, CancellationToken cancellationToken)\r\n   at Microsoft.EntityFrameworkCore.Storage.RelationalCommand.ExecuteNonQueryAsync(RelationalCommandParameterObject parameterObject, CancellationToken cancellationToken)\r\n   at Microsoft.EntityFrameworkCore.Storage.RelationalCommand.ExecuteNonQueryAsync(RelationalCommandParameterObject parameterObject, CancellationToken cancellationToken)\r\n   at Microsoft.EntityFrameworkCore.Migrations.Internal.MigrationCommandExecutor.ExecuteNonQueryAsync(IEnumerable\u00601 migrationCommands, IRelationalConnection connection, CancellationToken cancellationToken)\r\n   at Microsoft.EntityFrameworkCore.Migrations.Internal.MigrationCommandExecutor.ExecuteNonQueryAsync(IEnumerable\u00601 migrationCommands, IRelationalConnection connection, CancellationToken cancellationToken)\r\n   at Microsoft.EntityFrameworkCore.Migrations.Internal.MigrationCommandExecutor.ExecuteNonQueryAsync(IEnumerable\u00601 migrationCommands, IRelationalConnection connection, CancellationToken cancellationToken)\r\n   at Microsoft.EntityFrameworkCore.Migrations.Internal.MigrationCommandExecutor.ExecuteNonQueryAsync(IEnumerable\u00601 migrationCommands, IRelationalConnection connection, CancellationToken cancellationToken)\r\n   at Microsoft.EntityFrameworkCore.Migrations.Internal.Migrator.MigrateAsync(String targetMigration, CancellationToken cancellationToken)\r\n   at Program.\u003CMain\u003E$(String[] args) in c:\\Users\\brand\\Desktop\\BCMTrac Auth Service\\AuthenticationAPI\\Program.cs:line 525","State":{"Message":"[Startup] Migration failed.","{OriginalFormat}":"[Startup] Migration failed."},"Scopes":[]}&#xD;
{"Timestamp":"2025-09-16T18:53:12.269Z","EventId":0,"LogLevel":"Warning","Category":"AuthenticationAPI.Infrastructure.Middleware.ExceptionHandlingMiddleware","Message":"API Exception: Refresh token is invalid or expired. (StatusCode: 400)","State":{"Message":"API Exception: Refresh token is invalid or expired. (StatusCode: 400)","Message":"Refresh token is invalid or expired.","StatusCode":400,"{OriginalFormat}":"API Exception: {Message} (StatusCode: {StatusCode})"},"Scopes":[{"Message":"SpanId:1fa35ecf4e43137c, TraceId:f9400042b266acee33697f96ed4d134b, ParentId:0000000000000000","SpanId":"1fa35ecf4e43137c","TraceId":"f9400042b266acee33697f96ed4d134b","ParentId":"0000000000000000"},{"Message":"RequestPath:/api/v1/authenticate/refresh RequestId:0HNFL86293RL6","RequestId":"0HNFL86293RL6","RequestPath":"/api/v1/authenticate/refresh"}]}&#xD;
{"Timestamp":"2025-09-16T18:53:13.451Z","EventId":0,"LogLevel":"Warning","Category":"AuthenticationAPI.Infrastructure.Middleware.ExceptionHandlingMiddleware","Message":"API Exception: Invalid credentials. (StatusCode: 400)","State":{"Message":"API Exception: Invalid credentials. (StatusCode: 400)","Message":"Invalid credentials.","StatusCode":400,"{OriginalFormat}":"API Exception: {Message} (StatusCode: {StatusCode})"},"Scopes":[{"Message":"SpanId:156cbe18657af036, TraceId:bbc4b24010ed2e847d9fe6633d4e4fd8, ParentId:0000000000000000","SpanId":"156cbe18657af036","TraceId":"bbc4b24010ed2e847d9fe6633d4e4fd8","ParentId":"0000000000000000"},{"Message":"RequestPath:/api/v1/authenticate/login RequestId:0HNFL86293RLB","RequestId":"0HNFL86293RLB","RequestPath":"/api/v1/authenticate/login"}]}&#xD;
[xUnit.net 00:00:05.53]   Finished:    AuthenticationAPI.IntegrationTests&#xD;
</StdOut>
    </Output>
    <CollectorDataEntries>
      <Collector agentName="BRANDONWINDOWS" uri="datacollector://microsoft/CoverletCodeCoverage/1.0" collectorDisplayName="XPlat code coverage">
        <UriAttachments>
          <UriAttachment>
            <A href="BRANDONWINDOWS\coverage.cobertura.xml"></A>
          </UriAttachment>
        </UriAttachments>
      </Collector>
    </CollectorDataEntries>
  </ResultSummary>
</TestRun>